\BOOKMARK [0][-]{chapter.1}{Introduction}{}% 1
\BOOKMARK [0][-]{chapter.2}{Experimental Methods}{}% 2
\BOOKMARK [1][-]{section.2.1}{Detector setup}{chapter.2}% 3
\BOOKMARK [1][-]{section.2.2}{Experimental setup}{chapter.2}% 4
\BOOKMARK [1][-]{section.2.3}{The detectors}{chapter.2}% 5
\BOOKMARK [1][-]{section.2.4}{AUSAlib and ROOT}{chapter.2}% 6
\BOOKMARK [2][-]{subsection.2.4.1}{Unpacker}{section.2.4}% 7
\BOOKMARK [2][-]{subsection.2.4.2}{Calibrator}{section.2.4}% 8
\BOOKMARK [2][-]{subsection.2.4.3}{Sorter}{section.2.4}% 9
\BOOKMARK [0][-]{chapter.3}{Data Reduction}{}% 10
\BOOKMARK [1][-]{section.3.1}{Calibration}{chapter.3}% 11
\BOOKMARK [1][-]{section.3.2}{Identifying the particles}{chapter.3}% 12
\BOOKMARK [2][-]{subsection.3.2.1}{Identifying a hit}{section.3.2}% 13
\BOOKMARK [1][-]{section.3.3}{Angular cut}{chapter.3}% 14
\BOOKMARK [1][-]{section.3.4}{Momentum cut}{chapter.3}% 15
\BOOKMARK [1][-]{section.3.5}{Multiplicity cut}{chapter.3}% 16
\BOOKMARK [0][-]{chapter.4}{Analysis}{}% 17
\BOOKMARK [1][-]{section.4.1}{The effects of the cuts}{chapter.4}% 18
\BOOKMARK [2][-]{subsection.4.1.1}{The effect of the angular cut}{section.4.1}% 19
\BOOKMARK [2][-]{subsection.4.1.2}{The effect of the momentum cut}{section.4.1}% 20
\BOOKMARK [2][-]{subsection.4.1.3}{The effect of the multiplicity cut}{section.4.1}% 21
\BOOKMARK [2][-]{subsection.4.1.4}{The combined effect of all the cuts}{section.4.1}% 22
\BOOKMARK [1][-]{section.4.2}{The excitation energy of 8Be}{chapter.4}% 23
\BOOKMARK [1][-]{section.4.3}{Angular efficiency of the setup}{chapter.4}% 24
\BOOKMARK [1][-]{section.4.4}{Angular correlations of -particles and -particles}{chapter.4}% 25
\BOOKMARK [0][-]{chapter.5}{Conclusion}{}% 26
