# AUSAlib version: 16.6-760-g75c6ccd9-dirty
# Calibrator version: 16.6-93-gaef47da
# Calibrator arguments: /home/andreas/tools/calibrator/build/Calibrator -s setup_setup.json -o ADC_Final/ -k old_source.json -d DetU --eloss --gui
# Input files: 
#	../data/unpacked/279_000.root
Current time is: 2020-10-20 11:19
======================================================

Starting calibration of DetU
Source: 
	{(5105.5, 0.12), (5144.3, 0.171), (5156.59, 0.709)}
	{(5442.8, 0.134), (5485.56, 0.866)}
	{(5762.64, 0.231), (5804.77, 0.769)}
======================================================

Calibrating Front
======================================================

--------------------------------
Strip 1
--------------------------------
Deadlayer corrected source 
	{(5086.08, 0.12), (5124.97, 0.171), (5137.28, 0.709)}
	{(5424.11, 0.134), (5466.96, 0.866)}
	{(5744.59, 0.231), (5786.8, 0.769)}
Peaks:
	Energy: 5086.08  Channel: 841.114  Uncertaincy: 0.0475543
	Energy: 5124.97  Channel: 847.522  Uncertaincy: 0.0475543
	Energy: 5137.28  Channel: 849.552  Uncertaincy: 0.0475543
	Energy: 5424.11  Channel: 896.853  Uncertaincy: 0.0448634
	Energy: 5466.96  Channel: 903.913  Uncertaincy: 0.0448634
	Energy: 5744.59  Channel: 949.609  Uncertaincy: 0.0626152
	Energy: 5786.8  Channel: 956.564  Uncertaincy: 0.0626152
Results: 
	Offset: -18.8484 ± 7.95813
	Slope:  6.06916 ± 0.00891822
	Chi^2/ndf:  0.096962/5 = 0.0193924
Covariance matrix
	63.3318	-0.0708844
	-0.0708844	7.95346e-05
Warnings:
	W0: Calibration is outlier!
--------------------------------
Strip 2
--------------------------------
Deadlayer corrected source 
	{(5086.66, 0.12), (5125.54, 0.171), (5137.86, 0.709)}
	{(5424.67, 0.134), (5467.51, 0.866)}
	{(5745.13, 0.231), (5787.34, 0.769)}
Peaks:
	Energy: 5086.66  Channel: 1641  Uncertaincy: 0.0693378
	Energy: 5125.54  Channel: 1653.44  Uncertaincy: 0.0693378
	Energy: 5137.86  Channel: 1657.38  Uncertaincy: 0.0693378
	Energy: 5424.67  Channel: 1749.49  Uncertaincy: 0.0688617
	Energy: 5467.51  Channel: 1763.2  Uncertaincy: 0.0688617
	Energy: 5745.13  Channel: 1851.48  Uncertaincy: 0.100116
	Energy: 5787.34  Channel: 1864.99  Uncertaincy: 0.100116
Results: 
	Offset: -45.7815 ± 7.84289
	Slope:  3.12743 ± 0.00450558
	Chi^2/ndf:  2.62235/5 = 0.524471
Covariance matrix
	61.5109	-0.0352932
	-0.0352932	2.03003e-05
--------------------------------
Strip 3
--------------------------------
Deadlayer corrected source 
	{(5087.21, 0.12), (5126.09, 0.171), (5138.4, 0.709)}
	{(5425.2, 0.134), (5468.04, 0.866)}
	{(5745.64, 0.231), (5787.84, 0.769)}
Peaks:
	Energy: 5087.21  Channel: 1748.02  Uncertaincy: 0.0737744
	Energy: 5126.09  Channel: 1761.32  Uncertaincy: 0.0737744
	Energy: 5138.4  Channel: 1765.53  Uncertaincy: 0.0737744
	Energy: 5425.2  Channel: 1863.88  Uncertaincy: 0.0759879
	Energy: 5468.04  Channel: 1878.54  Uncertaincy: 0.0759879
	Energy: 5745.64  Channel: 1973.1  Uncertaincy: 0.105526
	Energy: 5787.84  Channel: 1987.53  Uncertaincy: 0.105526
Results: 
	Offset: -25.6222 ± 7.81555
	Slope:  2.92479 ± 0.00421402
	Chi^2/ndf:  1.18583/5 = 0.237166
Covariance matrix
	61.0828	-0.032894
	-0.032894	1.7758e-05
Warnings:
	W0: Calibration is outlier!
--------------------------------
Strip 4
--------------------------------
Deadlayer corrected source 
	{(5087.72, 0.12), (5126.6, 0.171), (5138.91, 0.709)}
	{(5425.69, 0.134), (5468.53, 0.866)}
	{(5746.11, 0.231), (5788.31, 0.769)}
Peaks:
	Energy: 5087.72  Channel: 1706.45  Uncertaincy: 0.0700082
	Energy: 5126.6  Channel: 1719.39  Uncertaincy: 0.0700082
	Energy: 5138.91  Channel: 1723.49  Uncertaincy: 0.0700082
	Energy: 5425.69  Channel: 1819.33  Uncertaincy: 0.0660229
	Energy: 5468.53  Channel: 1833.59  Uncertaincy: 0.0660229
	Energy: 5746.11  Channel: 1925.31  Uncertaincy: 0.0957833
	Energy: 5788.31  Channel: 1939.35  Uncertaincy: 0.0957833
Results: 
	Offset: -44.5558 ± 7.81334
	Slope:  3.00734 ± 0.00431544
	Chi^2/ndf:  3.5177/5 = 0.703539
Covariance matrix
	61.0483	-0.0336764
	-0.0336764	1.8623e-05
Warnings:
	W0: Calibration is outlier!
--------------------------------
Strip 5
--------------------------------
Deadlayer corrected source 
	{(5088.19, 0.12), (5127.06, 0.171), (5139.38, 0.709)}
	{(5426.14, 0.134), (5468.98, 0.866)}
	{(5746.55, 0.231), (5788.75, 0.769)}
Peaks:
	Energy: 5088.19  Channel: 1702.35  Uncertaincy: 0.0667722
	Energy: 5127.06  Channel: 1715.29  Uncertaincy: 0.0667722
	Energy: 5139.38  Channel: 1719.39  Uncertaincy: 0.0667722
	Energy: 5426.14  Channel: 1815.22  Uncertaincy: 0.0655783
	Energy: 5468.98  Channel: 1829.48  Uncertaincy: 0.0655783
	Energy: 5746.55  Channel: 1921.23  Uncertaincy: 0.0929408
	Energy: 5788.75  Channel: 1935.28  Uncertaincy: 0.0929408
Results: 
	Offset: -30.9378 ± 7.79269
	Slope:  3.00687 ± 0.00431378
	Chi^2/ndf:  3.17182/5 = 0.634364
Covariance matrix
	60.7261	-0.0335744
	-0.0335744	1.86087e-05
Warnings:
	W0: Calibration is outlier!
--------------------------------
Strip 6
--------------------------------
Deadlayer corrected source 
	{(5088.61, 0.12), (5127.49, 0.171), (5139.8, 0.709)}
	{(5426.55, 0.134), (5469.38, 0.866)}
	{(5746.94, 0.231), (5789.14, 0.769)}
Peaks:
	Energy: 5088.61  Channel: 1738.14  Uncertaincy: 0.0701593
	Energy: 5127.49  Channel: 1751.32  Uncertaincy: 0.0701593
	Energy: 5139.8  Channel: 1755.49  Uncertaincy: 0.0701593
	Energy: 5426.55  Channel: 1853.02  Uncertaincy: 0.0618941
	Energy: 5469.38  Channel: 1867.54  Uncertaincy: 0.0618941
	Energy: 5746.94  Channel: 1961.13  Uncertaincy: 0.0882484
	Energy: 5789.14  Channel: 1975.43  Uncertaincy: 0.0882484
Results: 
	Offset: -41.9709 ± 7.78904
	Slope:  2.95159 ± 0.00422253
	Chi^2/ndf:  1.98453/5 = 0.396907
Covariance matrix
	60.6692	-0.0328489
	-0.0328489	1.78298e-05
Warnings:
	W0: Calibration is outlier!
--------------------------------
Strip 7
--------------------------------
Deadlayer corrected source 
	{(5088.99, 0.12), (5127.86, 0.171), (5140.18, 0.709)}
	{(5426.91, 0.134), (5469.75, 0.866)}
	{(5747.29, 0.231), (5789.49, 0.769)}
Peaks:
	Energy: 5088.99  Channel: 1590.99  Uncertaincy: 0.0580742
	Energy: 5127.86  Channel: 1603.07  Uncertaincy: 0.0580742
	Energy: 5140.18  Channel: 1606.9  Uncertaincy: 0.0580742
	Energy: 5426.91  Channel: 1696.28  Uncertaincy: 0.0538796
	Energy: 5469.75  Channel: 1709.59  Uncertaincy: 0.0538796
	Energy: 5747.29  Channel: 1795.48  Uncertaincy: 0.0739224
	Energy: 5789.49  Channel: 1808.59  Uncertaincy: 0.0739224
Results: 
	Offset: -31.9065 ± 7.73775
	Slope:  3.21854 ± 0.00458204
	Chi^2/ndf:  1.45016/5 = 0.290033
Covariance matrix
	59.8728	-0.0354107
	-0.0354107	2.09951e-05
Warnings:
	W0: Calibration is outlier!
--------------------------------
Strip 8
--------------------------------
Deadlayer corrected source 
	{(5089.32, 0.12), (5128.19, 0.171), (5140.5, 0.709)}
	{(5427.23, 0.134), (5470.06, 0.866)}
	{(5747.6, 0.231), (5789.79, 0.769)}
Peaks:
	Energy: 5089.32  Channel: 1674.25  Uncertaincy: 0.0627822
	Energy: 5128.19  Channel: 1686.94  Uncertaincy: 0.0627822
	Energy: 5140.5  Channel: 1690.96  Uncertaincy: 0.0627822
	Energy: 5427.23  Channel: 1784.87  Uncertaincy: 0.0587003
	Energy: 5470.06  Channel: 1798.85  Uncertaincy: 0.0587003
	Energy: 5747.6  Channel: 1889.02  Uncertaincy: 0.0801465
	Energy: 5789.79  Channel: 1902.8  Uncertaincy: 0.0801465
Results: 
	Offset: -41.3893 ± 7.75956
	Slope:  3.06432 ± 0.00436704
	Chi^2/ndf:  1.7481/5 = 0.349619
Covariance matrix
	60.2108	-0.0338444
	-0.0338444	1.90711e-05
Warnings:
	W0: Calibration is outlier!
--------------------------------
Strip 9
--------------------------------
Deadlayer corrected source 
	{(5089.59, 0.12), (5128.46, 0.171), (5140.77, 0.709)}
	{(5427.49, 0.134), (5470.32, 0.866)}
	{(5747.85, 0.231), (5790.05, 0.769)}
Peaks:
	Energy: 5089.59  Channel: 1729.16  Uncertaincy: 0.0613836
	Energy: 5128.46  Channel: 1742.26  Uncertaincy: 0.0613836
	Energy: 5140.77  Channel: 1746.41  Uncertaincy: 0.0613836
	Energy: 5427.49  Channel: 1843.37  Uncertaincy: 0.0571962
	Energy: 5470.32  Channel: 1857.8  Uncertaincy: 0.0571962
	Energy: 5747.85  Channel: 1950.91  Uncertaincy: 0.0749818
	Energy: 5790.05  Channel: 1965.13  Uncertaincy: 0.0749818
Results: 
	Offset: -42.362 ± 7.7388
	Slope:  2.96774 ± 0.0042166
	Chi^2/ndf:  1.70632/5 = 0.341263
Covariance matrix
	59.889	-0.0325911
	-0.0325911	1.77798e-05
Warnings:
	W0: Calibration is outlier!
--------------------------------
Strip 10
--------------------------------
Deadlayer corrected source 
	{(5089.81, 0.12), (5128.68, 0.171), (5140.99, 0.709)}
	{(5427.7, 0.134), (5470.53, 0.866)}
	{(5748.05, 0.231), (5790.25, 0.769)}
Peaks:
	Energy: 5089.81  Channel: 1740.1  Uncertaincy: 0.0640425
	Energy: 5128.68  Channel: 1753.34  Uncertaincy: 0.0640425
	Energy: 5140.99  Channel: 1757.54  Uncertaincy: 0.0640425
	Energy: 5427.7  Channel: 1855.54  Uncertaincy: 0.0577044
	Energy: 5470.53  Channel: 1870.13  Uncertaincy: 0.0577044
	Energy: 5748.05  Channel: 1964.23  Uncertaincy: 0.0793318
	Energy: 5790.25  Channel: 1978.6  Uncertaincy: 0.0793318
Results: 
	Offset: -19.8258 ± 7.71332
	Slope:  2.93624 ± 0.00417538
	Chi^2/ndf:  1.75889/5 = 0.351779
Covariance matrix
	59.4953	-0.0321658
	-0.0321658	1.74338e-05
Warnings:
	W0: Calibration is outlier!
--------------------------------
Strip 11
--------------------------------
Deadlayer corrected source 
	{(5089.96, 0.12), (5128.83, 0.171), (5141.14, 0.709)}
	{(5427.85, 0.134), (5470.68, 0.866)}
	{(5748.2, 0.231), (5790.39, 0.769)}
Peaks:
	Energy: 5089.96  Channel: 0.499878  Uncertaincy: 0
	Energy: 5128.83  Channel: 0.499878  Uncertaincy: 0
	Energy: 5141.14  Channel: 0.499878  Uncertaincy: 0
	Energy: 5427.85  Channel: 0.499878  Uncertaincy: 0
	Energy: 5470.68  Channel: 0.499878  Uncertaincy: 0
	Energy: 5748.2  Channel: 0.499878  Uncertaincy: 0
	Energy: 5790.39  Channel: 0.499878  Uncertaincy: 0
Results: 
	Offset: nan ± -nan
	Slope:  inf ± -nan
	Chi^2/ndf:  1.79769e+308/5 = 3.59539e+307
Covariance matrix
	-nan	-nan
	-nan	-nan
Warnings:
	W1: Peaks ordering is jumbled. Peak finding did probably not succed.
	W1: Peaks ordering is jumbled. Peak finding did probably not succed.
	W8: Slope was Inf!
	W9: Offset was NaN!
	W11: P value 0.000000 is small than cutoff (0.050000)
--------------------------------
Strip 12
--------------------------------
Deadlayer corrected source 
	{(5090.06, 0.12), (5128.93, 0.171), (5141.24, 0.709)}
	{(5427.94, 0.134), (5470.77, 0.866)}
	{(5748.29, 0.231), (5790.48, 0.769)}
Peaks:
	Energy: 5090.06  Channel: 1751.97  Uncertaincy: 0.0728533
	Energy: 5128.93  Channel: 1765.29  Uncertaincy: 0.0728533
	Energy: 5141.24  Channel: 1769.51  Uncertaincy: 0.0728533
	Energy: 5427.94  Channel: 1867.98  Uncertaincy: 0.069547
	Energy: 5470.77  Channel: 1882.66  Uncertaincy: 0.069547
	Energy: 5748.29  Channel: 1977.46  Uncertaincy: 0.0929623
	Energy: 5790.48  Channel: 1991.92  Uncertaincy: 0.0929623
Results: 
	Offset: -23.3595 ± 7.77706
	Slope:  2.91857 ± 0.00418238
	Chi^2/ndf:  0.823009/5 = 0.164602
Covariance matrix
	60.4826	-0.0324862
	-0.0324862	1.74923e-05
Warnings:
	W0: Calibration is outlier!
--------------------------------
Strip 13
--------------------------------
Deadlayer corrected source 
	{(5090.09, 0.12), (5128.96, 0.171), (5141.27, 0.709)}
	{(5427.97, 0.134), (5470.8, 0.866)}
	{(5748.32, 0.231), (5790.51, 0.769)}
Peaks:
	Energy: 5090.09  Channel: 1710.74  Uncertaincy: 0.0793279
	Energy: 5128.96  Channel: 1723.74  Uncertaincy: 0.0793279
	Energy: 5141.27  Channel: 1727.85  Uncertaincy: 0.0793279
	Energy: 5427.97  Channel: 1824.11  Uncertaincy: 0.070159
	Energy: 5470.8  Channel: 1838.44  Uncertaincy: 0.070159
	Energy: 5748.32  Channel: 1930.68  Uncertaincy: 0.103559
	Energy: 5790.51  Channel: 1944.79  Uncertaincy: 0.103559
Results: 
	Offset: -28.4515 ± 7.84389
	Slope:  2.99181 ± 0.00432085
	Chi^2/ndf:  2.71287/5 = 0.542574
Covariance matrix
	61.5266	-0.0338504
	-0.0338504	1.86698e-05
Warnings:
	W0: Calibration is outlier!
--------------------------------
Strip 14
--------------------------------
Deadlayer corrected source 
	{(5090.06, 0.12), (5128.93, 0.171), (5141.24, 0.709)}
	{(5427.94, 0.134), (5470.77, 0.866)}
	{(5748.29, 0.231), (5790.48, 0.769)}
Peaks:
	Energy: 5090.06  Channel: 1637.65  Uncertaincy: 0.0743658
	Energy: 5128.93  Channel: 1650.1  Uncertaincy: 0.0743658
	Energy: 5141.24  Channel: 1654.05  Uncertaincy: 0.0743658
	Energy: 5427.94  Channel: 1746.37  Uncertaincy: 0.0713337
	Energy: 5470.77  Channel: 1760.09  Uncertaincy: 0.0713337
	Energy: 5748.29  Channel: 1848.36  Uncertaincy: 0.0986352
	Energy: 5790.48  Channel: 1861.88  Uncertaincy: 0.0986352
Results: 
	Offset: -24.2931 ± 7.84423
	Slope:  3.12273 ± 0.00451382
	Chi^2/ndf:  4.035/5 = 0.806999
Covariance matrix
	61.5319	-0.0353637
	-0.0353637	2.03746e-05
--------------------------------
Strip 15
--------------------------------
Deadlayer corrected source 
	{(5089.97, 0.12), (5128.84, 0.171), (5141.15, 0.709)}
	{(5427.85, 0.134), (5470.68, 0.866)}
	{(5748.2, 0.231), (5790.4, 0.769)}
Peaks:
	Energy: 5089.97  Channel: 1686.02  Uncertaincy: 0.0789536
	Energy: 5128.84  Channel: 1698.82  Uncertaincy: 0.0789536
	Energy: 5141.15  Channel: 1702.87  Uncertaincy: 0.0789536
	Energy: 5427.85  Channel: 1797.57  Uncertaincy: 0.0736284
	Energy: 5470.68  Channel: 1811.67  Uncertaincy: 0.0736284
	Energy: 5748.2  Channel: 1902.55  Uncertaincy: 0.105227
	Energy: 5790.4  Channel: 1916.45  Uncertaincy: 0.105227
Results: 
	Offset: -34.2719 ± 7.86156
	Slope:  3.03908 ± 0.00439483
	Chi^2/ndf:  1.95661/5 = 0.391322
Covariance matrix
	61.8042	-0.0345076
	-0.0345076	1.93146e-05
Warnings:
	W0: Calibration is outlier!
--------------------------------
Strip 16
--------------------------------
Deadlayer corrected source 
	{(5089.82, 0.12), (5128.69, 0.171), (5141, 0.709)}
	{(5427.71, 0.134), (5470.54, 0.866)}
	{(5748.06, 0.231), (5790.26, 0.769)}
Peaks:
	Energy: 5089.82  Channel: 1730.78  Uncertaincy: 0.0875727
	Energy: 5128.69  Channel: 1743.95  Uncertaincy: 0.0875727
	Energy: 5141  Channel: 1748.12  Uncertaincy: 0.0875727
	Energy: 5427.71  Channel: 1845.43  Uncertaincy: 0.0805355
	Energy: 5470.54  Channel: 1859.95  Uncertaincy: 0.0805355
	Energy: 5748.06  Channel: 1953.82  Uncertaincy: 0.108237
	Energy: 5790.26  Channel: 1968.12  Uncertaincy: 0.108237
Results: 
	Offset: -17.7055 ± 7.86061
	Slope:  2.95093 ± 0.00427924
	Chi^2/ndf:  0.318537/5 = 0.0637074
Covariance matrix
	61.7892	-0.0335957
	-0.0335957	1.83119e-05
Warnings:
	W0: Calibration is outlier!
======================================================
Calibrating Back
======================================================

--------------------------------
Strip 1
--------------------------------
Deadlayer corrected source 
	{(5086.08, 0.12), (5124.97, 0.171), (5137.28, 0.709)}
	{(5424.11, 0.134), (5466.96, 0.866)}
	{(5744.59, 0.231), (5786.8, 0.769)}
Peaks:
	Energy: 5086.08  Channel: 1708.13  Uncertaincy: 0.0859463
	Energy: 5124.97  Channel: 1721.13  Uncertaincy: 0.0859463
	Energy: 5137.28  Channel: 1725.24  Uncertaincy: 0.0859463
	Energy: 5424.11  Channel: 1821.22  Uncertaincy: 0.0840672
	Energy: 5466.96  Channel: 1835.54  Uncertaincy: 0.0840672
	Energy: 5744.59  Channel: 1928.07  Uncertaincy: 0.113235
	Energy: 5786.8  Channel: 1942.17  Uncertaincy: 0.113235
Results: 
	Offset: -27.6906 ± 7.88854
	Slope:  2.9937 ± 0.00435267
	Chi^2/ndf:  0.405828/5 = 0.0811656
Covariance matrix
	62.229	-0.0342937
	-0.0342937	1.89457e-05
--------------------------------
Strip 2
--------------------------------
Deadlayer corrected source 
	{(5086.66, 0.12), (5125.54, 0.171), (5137.86, 0.709)}
	{(5424.67, 0.134), (5467.51, 0.866)}
	{(5745.13, 0.231), (5787.34, 0.769)}
Peaks:
	Energy: 5086.66  Channel: 1649.44  Uncertaincy: 0.0772542
	Energy: 5125.54  Channel: 1661.93  Uncertaincy: 0.0772542
	Energy: 5137.86  Channel: 1665.88  Uncertaincy: 0.0772542
	Energy: 5424.67  Channel: 1758.25  Uncertaincy: 0.0752419
	Energy: 5467.51  Channel: 1772.01  Uncertaincy: 0.0752419
	Energy: 5745.13  Channel: 1860.82  Uncertaincy: 0.100659
	Energy: 5787.34  Channel: 1874.38  Uncertaincy: 0.100659
Results: 
	Offset: -50.4789 ± 7.87644
	Slope:  3.11434 ± 0.00450116
	Chi^2/ndf:  1.18595/5 = 0.237189
Covariance matrix
	62.0383	-0.0354094
	-0.0354094	2.02604e-05
--------------------------------
Strip 3
--------------------------------
Deadlayer corrected source 
	{(5087.21, 0.12), (5126.09, 0.171), (5138.4, 0.709)}
	{(5425.2, 0.134), (5468.04, 0.866)}
	{(5745.64, 0.231), (5787.84, 0.769)}
Peaks:
	Energy: 5087.21  Channel: 1720.59  Uncertaincy: 0.0745676
	Energy: 5126.09  Channel: 1733.65  Uncertaincy: 0.0745676
	Energy: 5138.4  Channel: 1737.78  Uncertaincy: 0.0745676
	Energy: 5425.2  Channel: 1834.47  Uncertaincy: 0.0716286
	Energy: 5468.04  Channel: 1848.86  Uncertaincy: 0.0716286
	Energy: 5745.64  Channel: 1941.56  Uncertaincy: 0.0954614
	Energy: 5787.84  Channel: 1955.74  Uncertaincy: 0.0954614
Results: 
	Offset: -38.4573 ± 7.8184
	Slope:  2.97883 ± 0.00428194
	Chi^2/ndf:  2.40843/5 = 0.481686
Covariance matrix
	61.1273	-0.0334365
	-0.0334365	1.8335e-05
--------------------------------
Strip 4
--------------------------------
Deadlayer corrected source 
	{(5087.72, 0.12), (5126.6, 0.171), (5138.91, 0.709)}
	{(5425.69, 0.134), (5468.53, 0.866)}
	{(5746.11, 0.231), (5788.31, 0.769)}
Peaks:
	Energy: 5087.72  Channel: 1713.73  Uncertaincy: 0.0842536
	Energy: 5126.6  Channel: 1726.63  Uncertaincy: 0.0842536
	Energy: 5138.91  Channel: 1730.71  Uncertaincy: 0.0842536
	Energy: 5425.69  Channel: 1825.9  Uncertaincy: 0.0710742
	Energy: 5468.53  Channel: 1840.11  Uncertaincy: 0.0710742
	Energy: 5746.11  Channel: 1932.09  Uncertaincy: 0.0924206
	Energy: 5788.31  Channel: 1946.09  Uncertaincy: 0.0924206
Results: 
	Offset: -79.3188 ± 7.89657
	Slope:  3.01505 ± 0.00434274
	Chi^2/ndf:  0.0681132/5 = 0.0136226
Covariance matrix
	62.3558	-0.0342509
	-0.0342509	1.88594e-05
--------------------------------
Strip 5
--------------------------------
Deadlayer corrected source 
	{(5088.19, 0.12), (5127.06, 0.171), (5139.38, 0.709)}
	{(5426.14, 0.134), (5468.98, 0.866)}
	{(5746.55, 0.231), (5788.75, 0.769)}
Peaks:
	Energy: 5088.19  Channel: 1767.88  Uncertaincy: 0.0801805
	Energy: 5127.06  Channel: 1781.25  Uncertaincy: 0.0801805
	Energy: 5139.38  Channel: 1785.49  Uncertaincy: 0.0801805
	Energy: 5426.14  Channel: 1884.09  Uncertaincy: 0.0704043
	Energy: 5468.98  Channel: 1898.83  Uncertaincy: 0.0704043
	Energy: 5746.55  Channel: 1994.44  Uncertaincy: 0.0942018
	Energy: 5788.75  Channel: 2008.96  Uncertaincy: 0.0942018
Results: 
	Offset: -49.2243 ± 7.83086
	Slope:  2.90601 ± 0.00417404
	Chi^2/ndf:  0.0755658/5 = 0.0151132
Covariance matrix
	61.3224	-0.0326461
	-0.0326461	1.74226e-05
--------------------------------
Strip 6
--------------------------------
Deadlayer corrected source 
	{(5088.61, 0.12), (5127.49, 0.171), (5139.8, 0.709)}
	{(5426.55, 0.134), (5469.38, 0.866)}
	{(5746.94, 0.231), (5789.14, 0.769)}
Peaks:
	Energy: 5088.61  Channel: 1712.6  Uncertaincy: 0.0700862
	Energy: 5127.49  Channel: 1725.55  Uncertaincy: 0.0700862
	Energy: 5139.8  Channel: 1729.65  Uncertaincy: 0.0700862
	Energy: 5426.55  Channel: 1825.41  Uncertaincy: 0.0650404
	Energy: 5469.38  Channel: 1839.68  Uncertaincy: 0.0650404
	Energy: 5746.94  Channel: 1931.76  Uncertaincy: 0.0959791
	Energy: 5789.14  Channel: 1945.82  Uncertaincy: 0.0959791
Results: 
	Offset: -55.023 ± 7.83802
	Slope:  3.00328 ± 0.00431426
	Chi^2/ndf:  1.19799/5 = 0.239599
Covariance matrix
	61.4345	-0.0337738
	-0.0337738	1.86128e-05
--------------------------------
Strip 7
--------------------------------
Deadlayer corrected source 
	{(5088.99, 0.12), (5127.86, 0.171), (5140.18, 0.709)}
	{(5426.91, 0.134), (5469.75, 0.866)}
	{(5747.29, 0.231), (5789.49, 0.769)}
Peaks:
	Energy: 5088.99  Channel: 1686.81  Uncertaincy: 0.0758275
	Energy: 5127.86  Channel: 1699.52  Uncertaincy: 0.0758275
	Energy: 5140.18  Channel: 1703.54  Uncertaincy: 0.0758275
	Energy: 5426.91  Channel: 1797.26  Uncertaincy: 0.0649067
	Energy: 5469.75  Channel: 1811.27  Uncertaincy: 0.0649067
	Energy: 5747.29  Channel: 1902.01  Uncertaincy: 0.0977146
	Energy: 5789.49  Channel: 1915.8  Uncertaincy: 0.0977146
Results: 
	Offset: -71.128 ± 7.88867
	Slope:  3.05911 ± 0.0044092
	Chi^2/ndf:  0.00148298/5 = 0.000296595
Covariance matrix
	62.2311	-0.0347404
	-0.0347404	1.94411e-05
--------------------------------
Strip 8
--------------------------------
Deadlayer corrected source 
	{(5089.32, 0.12), (5128.19, 0.171), (5140.5, 0.709)}
	{(5427.23, 0.134), (5470.06, 0.866)}
	{(5747.6, 0.231), (5789.79, 0.769)}
Peaks:
	Energy: 5089.32  Channel: 1730.41  Uncertaincy: 0.0695633
	Energy: 5128.19  Channel: 1743.49  Uncertaincy: 0.0695633
	Energy: 5140.5  Channel: 1747.64  Uncertaincy: 0.0695633
	Energy: 5427.23  Channel: 1844.39  Uncertaincy: 0.0664926
	Energy: 5470.06  Channel: 1858.81  Uncertaincy: 0.0664926
	Energy: 5747.6  Channel: 1951.85  Uncertaincy: 0.0895126
	Energy: 5789.79  Channel: 1966.05  Uncertaincy: 0.0895126
Results: 
	Offset: -53.8512 ± 7.80998
	Slope:  2.9721 ± 0.00425379
	Chi^2/ndf:  1.13279/5 = 0.226558
Covariance matrix
	60.9958	-0.0331812
	-0.0331812	1.80947e-05
--------------------------------
Strip 9
--------------------------------
Deadlayer corrected source 
	{(5089.59, 0.12), (5128.46, 0.171), (5140.77, 0.709)}
	{(5427.49, 0.134), (5470.32, 0.866)}
	{(5747.85, 0.231), (5790.05, 0.769)}
Peaks:
	Energy: 5089.59  Channel: 842.377  Uncertaincy: 0.0408283
	Energy: 5128.46  Channel: 848.731  Uncertaincy: 0.0408283
	Energy: 5140.77  Channel: 850.744  Uncertaincy: 0.0408283
	Energy: 5427.49  Channel: 897.546  Uncertaincy: 0.0545287
	Energy: 5470.32  Channel: 904.548  Uncertaincy: 0.0545287
	Energy: 5747.85  Channel: 950.001  Uncertaincy: 0.0602228
	Energy: 5790.05  Channel: 956.899  Uncertaincy: 0.0602228
Results: 
	Offset: -63.053 ± 7.97989
	Slope:  6.11691 ± 0.00893784
	Chi^2/ndf:  0.275606/5 = 0.0551213
Covariance matrix
	63.6787	-0.0712352
	-0.0712352	7.9885e-05
Warnings:
	W0: Calibration is outlier!
--------------------------------
Strip 10
--------------------------------
Deadlayer corrected source 
	{(5089.81, 0.12), (5128.68, 0.171), (5140.99, 0.709)}
	{(5427.7, 0.134), (5470.53, 0.866)}
	{(5748.05, 0.231), (5790.25, 0.769)}
Peaks:
	Energy: 5089.81  Channel: -32211.5  Uncertaincy: 226675
	Energy: 5128.68  Channel: -32202.1  Uncertaincy: 226675
	Energy: 5140.99  Channel: -32199.2  Uncertaincy: 226675
	Energy: 5427.7  Channel: 344.239  Uncertaincy: 1.16416
	Energy: 5470.53  Channel: 354.6  Uncertaincy: 1.16416
	Energy: 5748.05  Channel: -72517.7  Uncertaincy: 60217.8
	Energy: 5790.25  Channel: -72507.5  Uncertaincy: 60217.8
Results: 
	Offset: 4004.6 ± 232.826
	Slope:  4.13404 ± 0.666248
	Chi^2/ndf:  2.99588/5 = 0.599175
Covariance matrix
	54207.8	-155.102
	-155.102	0.443887
Warnings:
	W1: Peaks ordering is jumbled. Peak finding did probably not succed.
	W12: Residuals (5) is larger than 5.000000 keV
	W0: Calibration is outlier!
--------------------------------
Strip 11
--------------------------------
Deadlayer corrected source 
	{(5089.96, 0.12), (5128.83, 0.171), (5141.14, 0.709)}
	{(5427.85, 0.134), (5470.68, 0.866)}
	{(5748.2, 0.231), (5790.39, 0.769)}
Peaks:
	Energy: 5089.96  Channel: 1761.63  Uncertaincy: 0.068536
	Energy: 5128.83  Channel: 1774.98  Uncertaincy: 0.068536
	Energy: 5141.14  Channel: 1779.21  Uncertaincy: 0.068536
	Energy: 5427.85  Channel: 1878.14  Uncertaincy: 0.067324
	Energy: 5470.68  Channel: 1892.85  Uncertaincy: 0.067324
	Energy: 5748.2  Channel: 1987.46  Uncertaincy: 0.0997918
	Energy: 5790.39  Channel: 2001.96  Uncertaincy: 0.0997918
Results: 
	Offset: -43.2729 ± 7.82699
	Slope:  2.91368 ± 0.00418818
	Chi^2/ndf:  3.81496/5 = 0.762993
Covariance matrix
	61.2618	-0.0327406
	-0.0327406	1.75408e-05
--------------------------------
Strip 12
--------------------------------
Deadlayer corrected source 
	{(5090.06, 0.12), (5128.93, 0.171), (5141.24, 0.709)}
	{(5427.94, 0.134), (5470.77, 0.866)}
	{(5748.29, 0.231), (5790.48, 0.769)}
Peaks:
	Energy: 5090.06  Channel: 1665.1  Uncertaincy: 0.0724663
	Energy: 5128.93  Channel: 1677.76  Uncertaincy: 0.0724663
	Energy: 5141.24  Channel: 1681.77  Uncertaincy: 0.0724663
	Energy: 5427.94  Channel: 1775.57  Uncertaincy: 0.0738138
	Energy: 5470.77  Channel: 1789.52  Uncertaincy: 0.0738138
	Energy: 5748.29  Channel: 1879.27  Uncertaincy: 0.103656
	Energy: 5790.48  Channel: 1893.01  Uncertaincy: 0.103656
Results: 
	Offset: -26.1612 ± 7.83064
	Slope:  3.07238 ± 0.00443274
	Chi^2/ndf:  3.5501/5 = 0.71002
Covariance matrix
	61.3189	-0.0346681
	-0.0346681	1.96492e-05
--------------------------------
Strip 13
--------------------------------
Deadlayer corrected source 
	{(5090.09, 0.12), (5128.96, 0.171), (5141.27, 0.709)}
	{(5427.97, 0.134), (5470.8, 0.866)}
	{(5748.32, 0.231), (5790.51, 0.769)}
Peaks:
	Energy: 5090.09  Channel: 1717.39  Uncertaincy: 0.0734952
	Energy: 5128.96  Channel: 1730.41  Uncertaincy: 0.0734952
	Energy: 5141.27  Channel: 1734.54  Uncertaincy: 0.0734952
	Energy: 5427.97  Channel: 1830.81  Uncertaincy: 0.0747229
	Energy: 5470.8  Channel: 1845.16  Uncertaincy: 0.0747229
	Energy: 5748.32  Channel: 1937.76  Uncertaincy: 0.10901
	Energy: 5790.51  Channel: 1951.89  Uncertaincy: 0.10901
Results: 
	Offset: -38.9746 ± 7.86379
	Slope:  2.98642 ± 0.00431721
	Chi^2/ndf:  1.06572/5 = 0.213143
Covariance matrix
	61.8392	-0.0339079
	-0.0339079	1.86383e-05
--------------------------------
Strip 14
--------------------------------
Deadlayer corrected source 
	{(5090.06, 0.12), (5128.93, 0.171), (5141.24, 0.709)}
	{(5427.94, 0.134), (5470.77, 0.866)}
	{(5748.29, 0.231), (5790.48, 0.769)}
Peaks:
	Energy: 5090.06  Channel: 1722.31  Uncertaincy: 0.0782247
	Energy: 5128.93  Channel: 1735.4  Uncertaincy: 0.0782247
	Energy: 5141.24  Channel: 1739.55  Uncertaincy: 0.0782247
	Energy: 5427.94  Channel: 1836.39  Uncertaincy: 0.0767355
	Energy: 5470.77  Channel: 1850.81  Uncertaincy: 0.0767355
	Energy: 5748.29  Channel: 1943.75  Uncertaincy: 0.10947
	Energy: 5790.48  Channel: 1957.96  Uncertaincy: 0.10947
Results: 
	Offset: -28.5299 ± 7.85994
	Slope:  2.97176 ± 0.00430167
	Chi^2/ndf:  1.97708/5 = 0.395417
Covariance matrix
	61.7786	-0.0337691
	-0.0337691	1.85044e-05
--------------------------------
Strip 15
--------------------------------
Deadlayer corrected source 
	{(5089.97, 0.12), (5128.84, 0.171), (5141.15, 0.709)}
	{(5427.85, 0.134), (5470.68, 0.866)}
	{(5748.2, 0.231), (5790.4, 0.769)}
Peaks:
	Energy: 5089.97  Channel: 1709.36  Uncertaincy: 0.0795081
	Energy: 5128.84  Channel: 1722.31  Uncertaincy: 0.0795081
	Energy: 5141.15  Channel: 1726.41  Uncertaincy: 0.0795081
	Energy: 5427.85  Channel: 1822.1  Uncertaincy: 0.0815711
	Energy: 5470.68  Channel: 1836.37  Uncertaincy: 0.0815711
	Energy: 5748.2  Channel: 1928.5  Uncertaincy: 0.111112
	Energy: 5790.4  Channel: 1942.55  Uncertaincy: 0.111112
Results: 
	Offset: -43.9147 ± 7.89862
	Slope:  3.00328 ± 0.00435669
	Chi^2/ndf:  0.755089/5 = 0.151018
Covariance matrix
	62.3882	-0.0343695
	-0.0343695	1.89807e-05
--------------------------------
Strip 16
--------------------------------
Deadlayer corrected source 
	{(5089.82, 0.12), (5128.69, 0.171), (5141, 0.709)}
	{(5427.71, 0.134), (5470.54, 0.866)}
	{(5748.06, 0.231), (5790.26, 0.769)}
Peaks:
	Energy: 5089.82  Channel: 1674.34  Uncertaincy: 0.0908465
	Energy: 5128.69  Channel: 1687.07  Uncertaincy: 0.0908465
	Energy: 5141  Channel: 1691.1  Uncertaincy: 0.0908465
	Energy: 5427.71  Channel: 1785.18  Uncertaincy: 0.0881054
	Energy: 5470.54  Channel: 1799.21  Uncertaincy: 0.0881054
	Energy: 5748.06  Channel: 1889.87  Uncertaincy: 0.132313
	Energy: 5790.26  Channel: 1903.7  Uncertaincy: 0.132313
Results: 
	Offset: -23.0385 ± 7.99244
	Slope:  3.05357 ± 0.00450185
	Chi^2/ndf:  0.472408/5 = 0.0944815
Covariance matrix
	63.8792	-0.0359365
	-0.0359365	2.02666e-05
======================================================
