# AUSAlib version: 16.6-773-g77e94584-dirty
# Calibrator version: 16.6-93-gaef47da
# Calibrator arguments: /home/andreasgad/tools/calibrator/build/Calibrator -s /home/andreasgad/i257/setup/setup.json -t /home/andreasgad/i257/setup/targets/target_cali_det34.json -k /home/andreasgad/i257/setup/old_source.json -d Det4 -l 500 --eloss --gui -o /home/andreasgad/i257/setup/ADC_feb/ -r 1
# Input files: 
#	/home/andreasgad/i257/data/unpacked/281_000.root
Current time is: 2021-02-08 14:18
======================================================

Starting calibration of Det4
Source: 
	{(5105.5, 0.12), (5144.3, 0.171), (5156.59, 0.709)}
	{(5442.8, 0.134), (5485.56, 0.866)}
	{(5762.64, 0.231), (5804.77, 0.769)}
======================================================

Calibrating Front
======================================================

--------------------------------
Strip 1
--------------------------------
Deadlayer corrected source 
	{(5077.08, 0.12), (5116.01, 0.171), (5128.34, 0.709)}
	{(5415.46, 0.134), (5458.35, 0.866)}
	{(5736.24, 0.231), (5778.49, 0.769)}
Peaks:
	Energy: 5077.08  Channel: 0.499878  Uncertaincy: 0
	Energy: 5116.01  Channel: 0.499878  Uncertaincy: 0
	Energy: 5128.34  Channel: 0.499878  Uncertaincy: 0
	Energy: 5415.46  Channel: 0.499878  Uncertaincy: 0
	Energy: 5458.35  Channel: 0.499878  Uncertaincy: 0
	Energy: 5736.24  Channel: 0.499878  Uncertaincy: 0
	Energy: 5778.49  Channel: 0.499878  Uncertaincy: 0
Results: 
	Offset: nan ± -nan
	Slope:  inf ± -nan
	Chi^2/ndf:  1.79769e+308/5 = 3.59539e+307
Covariance matrix
	-nan	-nan
	-nan	-nan
Warnings:
	W1: Peaks ordering is jumbled. Peak finding did probably not succed.
	W1: Peaks ordering is jumbled. Peak finding did probably not succed.
	W8: Slope was Inf!
	W9: Offset was NaN!
	W11: P value 0.000000 is small than cutoff (0.050000)
--------------------------------
Strip 2
--------------------------------
Deadlayer corrected source 
	{(5077.38, 0.12), (5116.31, 0.171), (5128.64, 0.709)}
	{(5415.75, 0.134), (5458.63, 0.866)}
	{(5736.52, 0.231), (5778.77, 0.769)}
Peaks:
	Energy: 5077.38  Channel: 1836.13  Uncertaincy: 0.147808
	Energy: 5116.31  Channel: 1849.39  Uncertaincy: 0.147808
	Energy: 5128.64  Channel: 1853.59  Uncertaincy: 0.147808
	Energy: 5415.75  Channel: 1951.63  Uncertaincy: 0.114593
	Energy: 5458.63  Channel: 1966.23  Uncertaincy: 0.114593
	Energy: 5736.52  Channel: 2060.57  Uncertaincy: 0.166258
	Energy: 5778.77  Channel: 2074.96  Uncertaincy: 0.166258
Results: 
	Offset: -314.367 ± 8.77004
	Slope:  2.93636 ± 0.00451404
	Chi^2/ndf:  0.839532/5 = 0.167906
Covariance matrix
	76.9136	-0.0395449
	-0.0395449	2.03766e-05
--------------------------------
Strip 3
--------------------------------
Deadlayer corrected source 
	{(5077.58, 0.12), (5116.5, 0.171), (5128.83, 0.709)}
	{(5415.94, 0.134), (5458.83, 0.866)}
	{(5736.7, 0.231), (5778.95, 0.769)}
Peaks:
	Energy: 5077.58  Channel: 1943.47  Uncertaincy: 0.172189
	Energy: 5116.5  Channel: 1957.55  Uncertaincy: 0.172189
	Energy: 5128.83  Channel: 1962.01  Uncertaincy: 0.172189
	Energy: 5415.94  Channel: 2066.34  Uncertaincy: 0.152127
	Energy: 5458.83  Channel: 2081.85  Uncertaincy: 0.152127
	Energy: 5736.7  Channel: 2181.62  Uncertaincy: 0.205058
	Energy: 5778.95  Channel: 2196.89  Uncertaincy: 0.205058
Results: 
	Offset: -299.723 ± 8.92937
	Slope:  2.76664 ± 0.00434428
	Chi^2/ndf:  3.38484/5 = 0.676968
Covariance matrix
	79.7336	-0.0387486
	-0.0387486	1.88727e-05
--------------------------------
Strip 4
--------------------------------
Deadlayer corrected source 
	{(5077.67, 0.12), (5116.59, 0.171), (5128.92, 0.709)}
	{(5416.02, 0.134), (5458.91, 0.866)}
	{(5736.79, 0.231), (5779.03, 0.769)}
Peaks:
	Energy: 5077.67  Channel: 1856.41  Uncertaincy: 0.216198
	Energy: 5116.59  Channel: 1869.84  Uncertaincy: 0.216198
	Energy: 5128.92  Channel: 1874.09  Uncertaincy: 0.216198
	Energy: 5416.02  Channel: 1973.28  Uncertaincy: 0.12563
	Energy: 5458.91  Channel: 1988.06  Uncertaincy: 0.12563
	Energy: 5736.79  Channel: 2083.71  Uncertaincy: 0.162213
	Energy: 5779.03  Channel: 2098.28  Uncertaincy: 0.162213
Results: 
	Offset: -305.351 ± 9.05207
	Slope:  2.89961 ± 0.00459212
	Chi^2/ndf:  0.326316/5 = 0.0652631
Covariance matrix
	81.94	-0.0415225
	-0.0415225	2.10876e-05
--------------------------------
Strip 5
--------------------------------
Deadlayer corrected source 
	{(5077.62, 0.12), (5116.54, 0.171), (5128.87, 0.709)}
	{(5415.98, 0.134), (5458.87, 0.866)}
	{(5736.74, 0.231), (5778.99, 0.769)}
Peaks:
	Energy: 5077.62  Channel: 1946.58  Uncertaincy: 0.195806
	Energy: 5116.54  Channel: 1960.67  Uncertaincy: 0.195806
	Energy: 5128.87  Channel: 1965.14  Uncertaincy: 0.195806
	Energy: 5415.98  Channel: 2069.43  Uncertaincy: 0.124636
	Energy: 5458.87  Channel: 2084.96  Uncertaincy: 0.124636
	Energy: 5736.74  Channel: 2185.16  Uncertaincy: 0.193121
	Energy: 5778.99  Channel: 2200.45  Uncertaincy: 0.193121
Results: 
	Offset: -299.377 ± 8.97835
	Slope:  2.76214 ± 0.00435378
	Chi^2/ndf:  1.31255/5 = 0.262511
Covariance matrix
	80.6107	-0.039047
	-0.039047	1.89554e-05
--------------------------------
Strip 6
--------------------------------
Deadlayer corrected source 
	{(5077.43, 0.12), (5116.35, 0.171), (5128.68, 0.709)}
	{(5415.79, 0.134), (5458.68, 0.866)}
	{(5736.56, 0.231), (5778.81, 0.769)}
Peaks:
	Energy: 5077.43  Channel: 1860.06  Uncertaincy: 0.14042
	Energy: 5116.35  Channel: 1873.57  Uncertaincy: 0.14042
	Energy: 5128.68  Channel: 1877.85  Uncertaincy: 0.14042
	Energy: 5415.79  Channel: 1977.71  Uncertaincy: 0.123856
	Energy: 5458.68  Channel: 1992.59  Uncertaincy: 0.123856
	Energy: 5736.56  Channel: 2088.69  Uncertaincy: 0.192445
	Energy: 5778.81  Channel: 2103.36  Uncertaincy: 0.192445
Results: 
	Offset: -284.121 ± 8.85331
	Slope:  2.88235 ± 0.0045035
	Chi^2/ndf:  0.765153/5 = 0.153031
Covariance matrix
	78.3811	-0.0398276
	-0.0398276	2.02816e-05
--------------------------------
Strip 7
--------------------------------
Deadlayer corrected source 
	{(5077.06, 0.12), (5115.98, 0.171), (5128.32, 0.709)}
	{(5415.44, 0.134), (5458.33, 0.866)}
	{(5736.22, 0.231), (5778.47, 0.769)}
Peaks:
	Energy: 5077.06  Channel: 1812.13  Uncertaincy: 0.133223
	Energy: 5115.98  Channel: 1825.18  Uncertaincy: 0.133223
	Energy: 5128.32  Channel: 1829.31  Uncertaincy: 0.133223
	Energy: 5415.44  Channel: 1925.96  Uncertaincy: 0.130222
	Energy: 5458.33  Channel: 1940.34  Uncertaincy: 0.130222
	Energy: 5736.22  Channel: 2032.93  Uncertaincy: 0.165279
	Energy: 5778.47  Channel: 2047.09  Uncertaincy: 0.165279
Results: 
	Offset: -331.363 ± 8.71228
	Slope:  2.98438 ± 0.00454753
	Chi^2/ndf:  2.49381/5 = 0.498762
Covariance matrix
	75.9039	-0.0395754
	-0.0395754	2.068e-05
--------------------------------
Strip 8
--------------------------------
Deadlayer corrected source 
	{(5076.49, 0.12), (5115.42, 0.171), (5127.75, 0.709)}
	{(5414.89, 0.134), (5457.79, 0.866)}
	{(5735.7, 0.231), (5777.95, 0.769)}
Peaks:
	Energy: 5076.49  Channel: 1869.25  Uncertaincy: 0.175323
	Energy: 5115.42  Channel: 1882.83  Uncertaincy: 0.175323
	Energy: 5127.75  Channel: 1887.13  Uncertaincy: 0.175323
	Energy: 5414.89  Channel: 1987.46  Uncertaincy: 0.145588
	Energy: 5457.79  Channel: 2002.42  Uncertaincy: 0.145588
	Energy: 5735.7  Channel: 2099.14  Uncertaincy: 0.206702
	Energy: 5777.95  Channel: 2113.88  Uncertaincy: 0.206702
Results: 
	Offset: -282.858 ± 8.99379
	Slope:  2.86704 ± 0.00454856
	Chi^2/ndf:  0.352611/5 = 0.0705222
Covariance matrix
	80.8883	-0.0408634
	-0.0408634	2.06894e-05
--------------------------------
Strip 9
--------------------------------
Deadlayer corrected source 
	{(5075.7, 0.12), (5114.63, 0.171), (5126.96, 0.709)}
	{(5414.13, 0.134), (5457.02, 0.866)}
	{(5734.96, 0.231), (5777.21, 0.769)}
Peaks:
	Energy: 5075.7  Channel: 1932.36  Uncertaincy: 0.17604
	Energy: 5114.63  Channel: 1946.31  Uncertaincy: 0.17604
	Energy: 5126.96  Channel: 1950.73  Uncertaincy: 0.17604
	Energy: 5414.13  Channel: 2053.74  Uncertaincy: 0.14084
	Energy: 5457.02  Channel: 2069.11  Uncertaincy: 0.14084
	Energy: 5734.96  Channel: 2168.56  Uncertaincy: 0.179581
	Energy: 5777.21  Channel: 2183.7  Uncertaincy: 0.179581
Results: 
	Offset: -317.461 ± 8.85653
	Slope:  2.79092 ± 0.004329
	Chi^2/ndf:  0.158154/5 = 0.0316308
Covariance matrix
	78.4382	-0.0382974
	-0.0382974	1.87402e-05
--------------------------------
Strip 10
--------------------------------
Deadlayer corrected source 
	{(5074.63, 0.12), (5113.57, 0.171), (5125.9, 0.709)}
	{(5413.1, 0.134), (5456.01, 0.866)}
	{(5733.97, 0.231), (5776.23, 0.769)}
Peaks:
	Energy: 5074.63  Channel: 1854.64  Uncertaincy: 0.249283
	Energy: 5113.57  Channel: 1867.99  Uncertaincy: 0.249283
	Energy: 5125.9  Channel: 1872.22  Uncertaincy: 0.249283
	Energy: 5413.1  Channel: 1970.66  Uncertaincy: 0.118627
	Energy: 5456.01  Channel: 1985.38  Uncertaincy: 0.118627
	Energy: 5733.97  Channel: 2080.38  Uncertaincy: 0.17054
	Energy: 5776.23  Channel: 2094.87  Uncertaincy: 0.17054
Results: 
	Offset: -342.353 ± 9.37856
	Slope:  2.92069 ± 0.00475703
	Chi^2/ndf:  0.20315/5 = 0.0406301
Covariance matrix
	87.9574	-0.0445667
	-0.0445667	2.26294e-05
--------------------------------
Strip 11
--------------------------------
Deadlayer corrected source 
	{(5073.26, 0.12), (5112.2, 0.171), (5124.53, 0.709)}
	{(5411.78, 0.134), (5454.69, 0.866)}
	{(5732.69, 0.231), (5774.96, 0.769)}
Peaks:
	Energy: 5073.26  Channel: 1778.37  Uncertaincy: 0.158966
	Energy: 5112.2  Channel: 1791.22  Uncertaincy: 0.158966
	Energy: 5124.53  Channel: 1795.3  Uncertaincy: 0.158966
	Energy: 5411.78  Channel: 1890.48  Uncertaincy: 0.158768
	Energy: 5454.69  Channel: 1904.64  Uncertaincy: 0.158768
	Energy: 5732.69  Channel: 1995.87  Uncertaincy: 0.199659
	Energy: 5774.96  Channel: 2009.82  Uncertaincy: 0.199659
Results: 
	Offset: -317.073 ± 7.42058
	Slope:  3.03087 ± 0.00395016
	Chi^2/ndf:  2.08651/5 = 0.417301
Covariance matrix
	55.065	-0.0292643
	-0.0292643	1.56038e-05
--------------------------------
Strip 12
--------------------------------
Deadlayer corrected source 
	{(5071.5, 0.12), (5110.46, 0.171), (5122.79, 0.709)}
	{(5410.1, 0.134), (5453.01, 0.866)}
	{(5731.07, 0.231), (5773.34, 0.769)}
Peaks:
	Energy: 5071.5  Channel: 2115.04  Uncertaincy: 0.222608
	Energy: 5110.46  Channel: 2130.36  Uncertaincy: 0.222608
	Energy: 5122.79  Channel: 2135.21  Uncertaincy: 0.222608
	Energy: 5410.1  Channel: 2248.61  Uncertaincy: 0.181712
	Energy: 5453.01  Channel: 2265.49  Uncertaincy: 0.181712
	Energy: 5731.07  Channel: 2374.44  Uncertaincy: 0.223276
	Energy: 5773.34  Channel: 2391.07  Uncertaincy: 0.223276
Results: 
	Offset: -305.462 ± 9.08565
	Slope:  2.54213 ± 0.00405589
	Chi^2/ndf:  1.22934/5 = 0.245868
Covariance matrix
	82.5491	-0.0368093
	-0.0368093	1.64503e-05
--------------------------------
Strip 13
--------------------------------
Deadlayer corrected source 
	{(5069.3, 0.12), (5108.26, 0.171), (5120.6, 0.709)}
	{(5407.97, 0.134), (5450.9, 0.866)}
	{(5729.02, 0.231), (5771.3, 0.769)}
Peaks:
	Energy: 5069.3  Channel: 1918.32  Uncertaincy: 0.218958
	Energy: 5108.26  Channel: 1932.23  Uncertaincy: 0.218958
	Energy: 5120.6  Channel: 1936.63  Uncertaincy: 0.218958
	Energy: 5407.97  Channel: 2039.37  Uncertaincy: 0.195087
	Energy: 5450.9  Channel: 2054.7  Uncertaincy: 0.195087
	Energy: 5729.02  Channel: 2153.71  Uncertaincy: 0.339696
	Energy: 5771.3  Channel: 2168.8  Uncertaincy: 0.339696
Results: 
	Offset: -306.049 ± 10.0546
	Slope:  2.80204 ± 0.00497664
	Chi^2/ndf:  0.355844/5 = 0.0711689
Covariance matrix
	101.095	-0.0499862
	-0.0499862	2.4767e-05
--------------------------------
Strip 14
--------------------------------
Deadlayer corrected source 
	{(5066.52, 0.12), (5105.5, 0.171), (5117.84, 0.709)}
	{(5405.31, 0.134), (5448.25, 0.866)}
	{(5726.45, 0.231), (5768.74, 0.769)}
Peaks:
	Energy: 5066.52  Channel: 1926.71  Uncertaincy: 0.210948
	Energy: 5105.5  Channel: 1940.67  Uncertaincy: 0.210948
	Energy: 5117.84  Channel: 1945.09  Uncertaincy: 0.210948
	Energy: 5405.31  Channel: 2047.92  Uncertaincy: 0.191717
	Energy: 5448.25  Channel: 2063.29  Uncertaincy: 0.191717
	Energy: 5726.45  Channel: 2163.03  Uncertaincy: 0.242657
	Energy: 5768.74  Channel: 2178.17  Uncertaincy: 0.242657
Results: 
	Offset: -314.236 ± 9.36286
	Slope:  2.79276 ± 0.00459551
	Chi^2/ndf:  0.0993499/5 = 0.01987
Covariance matrix
	87.6632	-0.0429795
	-0.0429795	2.11188e-05
--------------------------------
Strip 15
--------------------------------
Deadlayer corrected source 
	{(5063.02, 0.12), (5102.01, 0.171), (5114.36, 0.709)}
	{(5401.94, 0.134), (5444.9, 0.866)}
	{(5723.2, 0.231), (5765.51, 0.769)}
Peaks:
	Energy: 5063.02  Channel: 1867.4  Uncertaincy: 0.197007
	Energy: 5102.01  Channel: 1880.97  Uncertaincy: 0.197007
	Energy: 5114.36  Channel: 1885.26  Uncertaincy: 0.197007
	Energy: 5401.94  Channel: 1985.38  Uncertaincy: 0.214998
	Energy: 5444.9  Channel: 2000.32  Uncertaincy: 0.214998
	Energy: 5723.2  Channel: 2097.46  Uncertaincy: 0.50437
	Energy: 5765.51  Channel: 2112.19  Uncertaincy: 0.50437
Results: 
	Offset: -296.848 ± 11.2267
	Slope:  2.87029 ± 0.00575331
	Chi^2/ndf:  0.121874/5 = 0.0243748
Covariance matrix
	126.038	-0.0645317
	-0.0645317	3.31006e-05
--------------------------------
Strip 16
--------------------------------
Deadlayer corrected source 
	{(5058.54, 0.12), (5097.55, 0.171), (5109.91, 0.709)}
	{(5397.63, 0.134), (5440.61, 0.866)}
	{(5719.04, 0.231), (5761.37, 0.769)}
Peaks:
	Energy: 5058.54  Channel: 0.499878  Uncertaincy: 0
	Energy: 5097.55  Channel: 0.499878  Uncertaincy: 0
	Energy: 5109.91  Channel: 0.499878  Uncertaincy: 0
	Energy: 5397.63  Channel: 0.499878  Uncertaincy: 0
	Energy: 5440.61  Channel: 0.499878  Uncertaincy: 0
	Energy: 5719.04  Channel: 0.499878  Uncertaincy: 0
	Energy: 5761.37  Channel: 0.499878  Uncertaincy: 0
Results: 
	Offset: nan ± -nan
	Slope:  inf ± -nan
	Chi^2/ndf:  1.79769e+308/5 = 3.59539e+307
Covariance matrix
	-nan	-nan
	-nan	-nan
Warnings:
	W8: Slope was Inf!
	W9: Offset was NaN!
	W11: P value 0.000000 is small than cutoff (0.050000)
======================================================
Calibrating Back
======================================================

--------------------------------
Strip 1
--------------------------------
Deadlayer corrected source 
	{(5070.77, 0.12), (5109.72, 0.171), (5122.06, 0.709)}
	{(5409.39, 0.134), (5452.31, 0.866)}
	{(5730.38, 0.231), (5772.66, 0.769)}
Peaks:
	Energy: 5070.77  Channel: 1912.93  Uncertaincy: 0.520321
	Energy: 5109.72  Channel: 1926.82  Uncertaincy: 0.520321
	Energy: 5122.06  Channel: 1931.23  Uncertaincy: 0.520321
	Energy: 5409.39  Channel: 2031.47  Uncertaincy: 0.179812
	Energy: 5452.31  Channel: 2046.78  Uncertaincy: 0.179812
	Energy: 5730.38  Channel: 2145.87  Uncertaincy: 0.284897
	Energy: 5772.66  Channel: 2160.95  Uncertaincy: 0.284897
Results: 
	Offset: -342.787 ± 12.2105
	Slope:  2.83059 ± 0.00596046
	Chi^2/ndf:  8.23518/5 = 1.64704
Covariance matrix
	149.096	-0.072715
	-0.072715	3.55271e-05
--------------------------------
Strip 2
--------------------------------
Deadlayer corrected source 
	{(5071.69, 0.12), (5110.64, 0.171), (5122.98, 0.709)}
	{(5410.28, 0.134), (5453.19, 0.866)}
	{(5731.24, 0.231), (5773.51, 0.769)}
Peaks:
	Energy: 5071.69  Channel: 1953.35  Uncertaincy: 0.204363
	Energy: 5110.64  Channel: 1967.56  Uncertaincy: 0.204363
	Energy: 5122.98  Channel: 1972.06  Uncertaincy: 0.204363
	Energy: 5410.28  Channel: 2076.95  Uncertaincy: 0.167749
	Energy: 5453.19  Channel: 2092.6  Uncertaincy: 0.167749
	Energy: 5731.24  Channel: 2194.18  Uncertaincy: 0.281165
	Energy: 5773.51  Channel: 2209.6  Uncertaincy: 0.281165
Results: 
	Offset: -277.914 ± 9.4598
	Slope:  2.73871 ± 0.00458699
	Chi^2/ndf:  0.00829533/5 = 0.00165907
Covariance matrix
	89.4879	-0.0433453
	-0.0433453	2.10404e-05
--------------------------------
Strip 3
--------------------------------
Deadlayer corrected source 
	{(5072.51, 0.12), (5111.46, 0.171), (5123.8, 0.709)}
	{(5411.07, 0.134), (5453.98, 0.866)}
	{(5732.01, 0.231), (5774.27, 0.769)}
Peaks:
	Energy: 5072.51  Channel: 1813.05  Uncertaincy: 0.178943
	Energy: 5111.46  Channel: 1826.19  Uncertaincy: 0.178943
	Energy: 5123.8  Channel: 1830.36  Uncertaincy: 0.178943
	Energy: 5411.07  Channel: 1927.78  Uncertaincy: 0.147457
	Energy: 5453.98  Channel: 1942.27  Uncertaincy: 0.147457
	Energy: 5732.01  Channel: 2035.44  Uncertaincy: 0.22188
	Energy: 5774.27  Channel: 2049.7  Uncertaincy: 0.22188
Results: 
	Offset: -302.057 ± 9.22208
	Slope:  2.96416 ± 0.00481191
	Chi^2/ndf:  3.2389/5 = 0.647779
Covariance matrix
	85.0468	-0.0443276
	-0.0443276	2.31544e-05
--------------------------------
Strip 4
--------------------------------
Deadlayer corrected source 
	{(5073.22, 0.12), (5112.17, 0.171), (5124.5, 0.709)}
	{(5411.75, 0.134), (5454.66, 0.866)}
	{(5732.66, 0.231), (5774.93, 0.769)}
Peaks:
	Energy: 5073.22  Channel: 1869.96  Uncertaincy: 0.17551
	Energy: 5112.17  Channel: 1883.57  Uncertaincy: 0.17551
	Energy: 5124.5  Channel: 1887.88  Uncertaincy: 0.17551
	Energy: 5411.75  Channel: 1988.43  Uncertaincy: 0.144852
	Energy: 5454.66  Channel: 2003.42  Uncertaincy: 0.144852
	Energy: 5732.66  Channel: 2100.27  Uncertaincy: 0.226343
	Energy: 5774.93  Channel: 2115.04  Uncertaincy: 0.226343
Results: 
	Offset: -280.156 ± 9.08942
	Slope:  2.86274 ± 0.00459879
	Chi^2/ndf:  0.522964/5 = 0.104593
Covariance matrix
	82.6176	-0.0417544
	-0.0417544	2.11489e-05
--------------------------------
Strip 5
--------------------------------
Deadlayer corrected source 
	{(5073.81, 0.12), (5112.75, 0.171), (5125.09, 0.709)}
	{(5412.31, 0.134), (5455.22, 0.866)}
	{(5733.21, 0.231), (5775.47, 0.769)}
Peaks:
	Energy: 5073.81  Channel: 1970.28  Uncertaincy: 0.157621
	Energy: 5112.75  Channel: 1984.64  Uncertaincy: 0.157621
	Energy: 5125.09  Channel: 1989.19  Uncertaincy: 0.157621
	Energy: 5412.31  Channel: 2095.45  Uncertaincy: 0.168191
	Energy: 5455.22  Channel: 2111.27  Uncertaincy: 0.168191
	Energy: 5733.21  Channel: 2213.25  Uncertaincy: 0.206816
	Energy: 5775.47  Channel: 2228.83  Uncertaincy: 0.206816
Results: 
	Offset: -272.162 ± 8.78682
	Slope:  2.71316 ± 0.00421854
	Chi^2/ndf:  1.60917/5 = 0.321835
Covariance matrix
	77.2081	-0.0370255
	-0.0370255	1.77961e-05
--------------------------------
Strip 6
--------------------------------
Deadlayer corrected source 
	{(5074.27, 0.12), (5113.21, 0.171), (5125.54, 0.709)}
	{(5412.75, 0.134), (5455.66, 0.866)}
	{(5733.63, 0.231), (5775.89, 0.769)}
Peaks:
	Energy: 5074.27  Channel: 1830.09  Uncertaincy: 0.191999
	Energy: 5113.21  Channel: 1843.39  Uncertaincy: 0.191999
	Energy: 5125.54  Channel: 1847.6  Uncertaincy: 0.191999
	Energy: 5412.75  Channel: 1946.22  Uncertaincy: 0.168196
	Energy: 5455.66  Channel: 1960.88  Uncertaincy: 0.168196
	Energy: 5733.63  Channel: 2055.22  Uncertaincy: 0.197553
	Energy: 5775.89  Channel: 2069.66  Uncertaincy: 0.197553
Results: 
	Offset: -284.17 ± 9.08163
	Slope:  2.92775 ± 0.00468575
	Chi^2/ndf:  2.9904/5 = 0.598081
Covariance matrix
	82.4761	-0.0425064
	-0.0425064	2.19563e-05
--------------------------------
Strip 7
--------------------------------
Deadlayer corrected source 
	{(5074.59, 0.12), (5113.53, 0.171), (5125.86, 0.709)}
	{(5413.06, 0.134), (5455.97, 0.866)}
	{(5733.93, 0.231), (5776.19, 0.769)}
Peaks:
	Energy: 5074.59  Channel: 1772.09  Uncertaincy: 0.201996
	Energy: 5113.53  Channel: 1784.96  Uncertaincy: 0.201996
	Energy: 5125.86  Channel: 1789.03  Uncertaincy: 0.201996
	Energy: 5413.06  Channel: 1884.14  Uncertaincy: 0.148719
	Energy: 5455.97  Channel: 1898.32  Uncertaincy: 0.148719
	Energy: 5733.93  Channel: 1989.9  Uncertaincy: 0.23161
	Energy: 5776.19  Channel: 2003.87  Uncertaincy: 0.23161
Results: 
	Offset: -288.956 ± 9.43218
	Slope:  3.02657 ± 0.00503152
	Chi^2/ndf:  0.554578/5 = 0.110916
Covariance matrix
	88.966	-0.0474068
	-0.0474068	2.53162e-05
--------------------------------
Strip 8
--------------------------------
Deadlayer corrected source 
	{(5074.77, 0.12), (5113.71, 0.171), (5126.04, 0.709)}
	{(5413.24, 0.134), (5456.14, 0.866)}
	{(5734.1, 0.231), (5776.36, 0.769)}
Peaks:
	Energy: 5074.77  Channel: 1819.54  Uncertaincy: 0.170723
	Energy: 5113.71  Channel: 1832.78  Uncertaincy: 0.170723
	Energy: 5126.04  Channel: 1836.97  Uncertaincy: 0.170723
	Energy: 5413.24  Channel: 1935.19  Uncertaincy: 0.157974
	Energy: 5456.14  Channel: 1949.78  Uncertaincy: 0.157974
	Energy: 5734.1  Channel: 2043.56  Uncertaincy: 0.199509
	Energy: 5776.36  Channel: 2057.93  Uncertaincy: 0.199509
Results: 
	Offset: -278.342 ± 8.95915
	Slope:  2.94177 ± 0.00465422
	Chi^2/ndf:  4.10108/5 = 0.820217
Covariance matrix
	80.2663	-0.0416509
	-0.0416509	2.16618e-05
--------------------------------
Strip 9
--------------------------------
Deadlayer corrected source 
	{(5074.81, 0.12), (5113.75, 0.171), (5126.08, 0.709)}
	{(5413.28, 0.134), (5456.18, 0.866)}
	{(5734.14, 0.231), (5776.4, 0.769)}
Peaks:
	Energy: 5074.81  Channel: 1947.99  Uncertaincy: 0.161261
	Energy: 5113.75  Channel: 1962.14  Uncertaincy: 0.161261
	Energy: 5126.08  Channel: 1966.62  Uncertaincy: 0.161261
	Energy: 5413.28  Channel: 2071.48  Uncertaincy: 0.160885
	Energy: 5456.18  Channel: 2087.07  Uncertaincy: 0.160885
	Energy: 5734.14  Channel: 2187.4  Uncertaincy: 0.204125
	Energy: 5776.4  Channel: 2202.76  Uncertaincy: 0.204125
Results: 
	Offset: -288.246 ± 8.85837
	Slope:  2.75293 ± 0.00430112
	Chi^2/ndf:  3.03639/5 = 0.607279
Covariance matrix
	78.4706	-0.0380583
	-0.0380583	1.84997e-05
--------------------------------
Strip 10
--------------------------------
Deadlayer corrected source 
	{(5074.71, 0.12), (5113.65, 0.171), (5125.98, 0.709)}
	{(5413.18, 0.134), (5456.08, 0.866)}
	{(5734.05, 0.231), (5776.31, 0.769)}
Peaks:
	Energy: 5074.71  Channel: 1846.69  Uncertaincy: 0.163006
	Energy: 5113.65  Channel: 1860.03  Uncertaincy: 0.163006
	Energy: 5125.98  Channel: 1864.26  Uncertaincy: 0.163006
	Energy: 5413.18  Channel: 1962.63  Uncertaincy: 0.142365
	Energy: 5456.08  Channel: 1977.33  Uncertaincy: 0.142365
	Energy: 5734.05  Channel: 2072.53  Uncertaincy: 0.197527
	Energy: 5776.31  Channel: 2087.01  Uncertaincy: 0.197527
Results: 
	Offset: -316.691 ± 8.96515
	Slope:  2.91949 ± 0.00459189
	Chi^2/ndf:  0.000104466/5 = 2.08932e-05
Covariance matrix
	80.3739	-0.0411216
	-0.0411216	2.10854e-05
--------------------------------
Strip 11
--------------------------------
Deadlayer corrected source 
	{(5074.47, 0.12), (5113.41, 0.171), (5125.74, 0.709)}
	{(5412.95, 0.134), (5455.85, 0.866)}
	{(5733.82, 0.231), (5776.08, 0.769)}
Peaks:
	Energy: 5074.47  Channel: 1809.49  Uncertaincy: 0.186186
	Energy: 5113.41  Channel: 1822.58  Uncertaincy: 0.186186
	Energy: 5125.74  Channel: 1826.73  Uncertaincy: 0.186186
	Energy: 5412.95  Channel: 1923.52  Uncertaincy: 0.158713
	Energy: 5455.85  Channel: 1937.94  Uncertaincy: 0.158713
	Energy: 5733.82  Channel: 2031.06  Uncertaincy: 0.206834
	Energy: 5776.08  Channel: 2045.27  Uncertaincy: 0.206834
Results: 
	Offset: -309.522 ± 7.53054
	Slope:  2.9753 ± 0.00393571
	Chi^2/ndf:  0.801215/5 = 0.160243
Covariance matrix
	56.709	-0.0295895
	-0.0295895	1.54898e-05
--------------------------------
Strip 12
--------------------------------
Deadlayer corrected source 
	{(5074.09, 0.12), (5113.03, 0.171), (5125.37, 0.709)}
	{(5412.58, 0.134), (5455.49, 0.866)}
	{(5733.47, 0.231), (5775.73, 0.769)}
Peaks:
	Energy: 5074.09  Channel: 1902.17  Uncertaincy: 0.152617
	Energy: 5113.03  Channel: 1915.92  Uncertaincy: 0.152617
	Energy: 5125.37  Channel: 1920.28  Uncertaincy: 0.152617
	Energy: 5412.58  Channel: 2022.01  Uncertaincy: 0.144545
	Energy: 5455.49  Channel: 2037.16  Uncertaincy: 0.144545
	Energy: 5733.47  Channel: 2134.8  Uncertaincy: 0.243952
	Energy: 5775.73  Channel: 2149.73  Uncertaincy: 0.243952
Results: 
	Offset: -315.754 ± 9.11972
	Slope:  2.83338 ± 0.00454565
	Chi^2/ndf:  1.56844/5 = 0.313689
Covariance matrix
	83.1692	-0.0414105
	-0.0414105	2.0663e-05
--------------------------------
Strip 13
--------------------------------
Deadlayer corrected source 
	{(5073.58, 0.12), (5112.52, 0.171), (5124.86, 0.709)}
	{(5412.09, 0.134), (5455, 0.866)}
	{(5732.99, 0.231), (5775.26, 0.769)}
Peaks:
	Energy: 5073.58  Channel: 1878.6  Uncertaincy: 0.227399
	Energy: 5112.52  Channel: 1892.19  Uncertaincy: 0.227399
	Energy: 5124.86  Channel: 1896.5  Uncertaincy: 0.227399
	Energy: 5412.09  Channel: 1996.63  Uncertaincy: 0.165238
	Energy: 5455  Channel: 2011.6  Uncertaincy: 0.165238
	Energy: 5732.99  Channel: 2108.76  Uncertaincy: 0.208472
	Energy: 5775.26  Channel: 2123.51  Uncertaincy: 0.208472
Results: 
	Offset: -308.989 ± 9.04652
	Slope:  2.86525 ± 0.00454284
	Chi^2/ndf:  0.150472/5 = 0.0300945
Covariance matrix
	81.8394	-0.0410487
	-0.0410487	2.06374e-05
--------------------------------
Strip 14
--------------------------------
Deadlayer corrected source 
	{(5072.94, 0.12), (5111.89, 0.171), (5124.22, 0.709)}
	{(5411.48, 0.134), (5454.39, 0.866)}
	{(5732.4, 0.231), (5774.67, 0.769)}
Peaks:
	Energy: 5072.94  Channel: 1794.01  Uncertaincy: 0.158709
	Energy: 5111.89  Channel: 1806.97  Uncertaincy: 0.158709
	Energy: 5124.22  Channel: 1811.08  Uncertaincy: 0.158709
	Energy: 5411.48  Channel: 1906.85  Uncertaincy: 0.157187
	Energy: 5454.39  Channel: 1921.13  Uncertaincy: 0.157187
	Energy: 5732.4  Channel: 2013.42  Uncertaincy: 0.22936
	Energy: 5774.67  Channel: 2027.49  Uncertaincy: 0.22936
Results: 
	Offset: -318.34 ± 9.19875
	Slope:  3.00508 ± 0.00485893
	Chi^2/ndf:  0.417072/5 = 0.0834144
Covariance matrix
	84.617	-0.0446475
	-0.0446475	2.36092e-05
--------------------------------
Strip 15
--------------------------------
Deadlayer corrected source 
	{(5072.18, 0.12), (5111.13, 0.171), (5123.47, 0.709)}
	{(5410.75, 0.134), (5453.66, 0.866)}
	{(5731.7, 0.231), (5773.97, 0.769)}
Peaks:
	Energy: 5072.18  Channel: 1841.8  Uncertaincy: 0.174713
	Energy: 5111.13  Channel: 1855.13  Uncertaincy: 0.174713
	Energy: 5123.47  Channel: 1859.35  Uncertaincy: 0.174713
	Energy: 5410.75  Channel: 1958.21  Uncertaincy: 0.183483
	Energy: 5453.66  Channel: 1972.9  Uncertaincy: 0.183483
	Energy: 5731.7  Channel: 2067.55  Uncertaincy: 0.256038
	Energy: 5773.97  Channel: 2082.01  Uncertaincy: 0.256038
Results: 
	Offset: -306.363 ± 9.37045
	Slope:  2.92009 ± 0.00482322
	Chi^2/ndf:  2.4691/5 = 0.493821
Covariance matrix
	87.8054	-0.0451464
	-0.0451464	2.32634e-05
--------------------------------
Strip 16
--------------------------------
Deadlayer corrected source 
	{(5071.32, 0.12), (5110.27, 0.171), (5122.61, 0.709)}
	{(5409.92, 0.134), (5452.83, 0.866)}
	{(5730.89, 0.231), (5773.17, 0.769)}
Peaks:
	Energy: 5071.32  Channel: 1926.2  Uncertaincy: 0.219065
	Energy: 5110.27  Channel: 1940.17  Uncertaincy: 0.219065
	Energy: 5122.61  Channel: 1944.6  Uncertaincy: 0.219065
	Energy: 5409.92  Channel: 2047.69  Uncertaincy: 0.185865
	Energy: 5452.83  Channel: 2063.09  Uncertaincy: 0.185865
	Energy: 5730.89  Channel: 2162.77  Uncertaincy: 0.315813
	Energy: 5773.17  Channel: 2177.93  Uncertaincy: 0.315813
Results: 
	Offset: -298.859 ± 9.86295
	Slope:  2.78795 ± 0.00485596
	Chi^2/ndf:  0.0179507/5 = 0.00359015
Covariance matrix
	97.2777	-0.0478437
	-0.0478437	2.35804e-05
======================================================
