# AUSAlib version: 16.6-773-g77e94584-dirty
# Calibrator version: 16.6-93-gaef47da
# Calibrator arguments: /home/andreasgad/tools/calibrator/build/Calibrator -s /home/andreasgad/i257/setup/setup.json -t /home/andreasgad/i257/setup/targets/target_cali_det12.json -k /home/andreasgad/i257/setup/old_source.json -d Det2 -l 500 --eloss --gui -o /home/andreasgad/i257/setup/ADC_feb/
# Input files: 
#	/home/andreasgad/i257/data/unpacked/283_000.root
Current time is: 2021-02-04 14:57
======================================================

Starting calibration of Det2
Source: 
	{(5105.5, 0.12), (5144.3, 0.171), (5156.59, 0.709)}
	{(5442.8, 0.134), (5485.56, 0.866)}
	{(5762.64, 0.231), (5804.77, 0.769)}
======================================================

Calibrating Front
======================================================

--------------------------------
Strip 1
--------------------------------
Deadlayer corrected source 
	{(5058.55, 0.12), (5097.56, 0.171), (5109.91, 0.709)}
	{(5397.64, 0.134), (5440.61, 0.866)}
	{(5719.05, 0.231), (5761.38, 0.769)}
Peaks:
	Energy: 5058.55  Channel: 1742.04  Uncertaincy: 0.122123
	Energy: 5097.56  Channel: 1754.91  Uncertaincy: 0.122123
	Energy: 5109.91  Channel: 1758.99  Uncertaincy: 0.122123
	Energy: 5397.64  Channel: 1853.98  Uncertaincy: 0.158295
	Energy: 5440.61  Channel: 1868.17  Uncertaincy: 0.158295
	Energy: 5719.05  Channel: 1960.04  Uncertaincy: 0.225947
	Energy: 5761.38  Channel: 1974.01  Uncertaincy: 0.225947
Results: 
	Offset: -219.262 ± 8.82909
	Slope:  3.02967 ± 0.00480455
	Chi^2/ndf:  0.00702347/5 = 0.00140469
Covariance matrix
	77.9529	-0.0423714
	-0.0423714	2.30837e-05
--------------------------------
Strip 2
--------------------------------
Deadlayer corrected source 
	{(5063.02, 0.12), (5102.01, 0.171), (5114.37, 0.709)}
	{(5401.94, 0.134), (5444.9, 0.866)}
	{(5723.2, 0.231), (5765.51, 0.769)}
Peaks:
	Energy: 5063.02  Channel: 1766.5  Uncertaincy: 0.0942867
	Energy: 5102.01  Channel: 1779.61  Uncertaincy: 0.0942867
	Energy: 5114.37  Channel: 1783.77  Uncertaincy: 0.0942867
	Energy: 5401.94  Channel: 1881.02  Uncertaincy: 0.0875508
	Energy: 5444.9  Channel: 1895.47  Uncertaincy: 0.0875508
	Energy: 5723.2  Channel: 1988.17  Uncertaincy: 0.13744
	Energy: 5765.51  Channel: 2002.4  Uncertaincy: 0.13744
Results: 
	Offset: -195.943 ± 8.20686
	Slope:  2.97676 ± 0.00438754
	Chi^2/ndf:  6.0047/5 = 1.20094
Covariance matrix
	67.3525	-0.0359659
	-0.0359659	1.92505e-05
--------------------------------
Strip 3
--------------------------------
Deadlayer corrected source 
	{(5066.53, 0.12), (5105.5, 0.171), (5117.85, 0.709)}
	{(5405.31, 0.134), (5448.25, 0.866)}
	{(5726.45, 0.231), (5768.75, 0.769)}
Peaks:
	Energy: 5066.53  Channel: 1848.34  Uncertaincy: 0.0729566
	Energy: 5105.5  Channel: 1862.02  Uncertaincy: 0.0729566
	Energy: 5117.85  Channel: 1866.36  Uncertaincy: 0.0729566
	Energy: 5405.31  Channel: 1967.63  Uncertaincy: 0.0710771
	Energy: 5448.25  Channel: 1982.71  Uncertaincy: 0.0710771
	Energy: 5726.45  Channel: 2079.89  Uncertaincy: 0.101572
	Energy: 5768.75  Channel: 2094.74  Uncertaincy: 0.101572
Results: 
	Offset: -200.186 ± 7.99468
	Slope:  2.84928 ± 0.00408245
	Chi^2/ndf:  1.93552/5 = 0.387104
Covariance matrix
	63.915	-0.0325995
	-0.0325995	1.66664e-05
--------------------------------
Strip 4
--------------------------------
Deadlayer corrected source 
	{(5069.3, 0.12), (5108.26, 0.171), (5120.6, 0.709)}
	{(5407.98, 0.134), (5450.9, 0.866)}
	{(5729.02, 0.231), (5771.31, 0.769)}
Peaks:
	Energy: 5069.3  Channel: 1773.74  Uncertaincy: 0.0635768
	Energy: 5108.26  Channel: 1786.85  Uncertaincy: 0.0635768
	Energy: 5120.6  Channel: 1791  Uncertaincy: 0.0635768
	Energy: 5407.98  Channel: 1888.11  Uncertaincy: 0.064246
	Energy: 5450.9  Channel: 1902.56  Uncertaincy: 0.064246
	Energy: 5729.02  Channel: 1995.56  Uncertaincy: 0.0923278
	Energy: 5771.31  Channel: 2009.79  Uncertaincy: 0.0923278
Results: 
	Offset: -204.663 ± 7.9734
	Slope:  2.97316 ± 0.00424317
	Chi^2/ndf:  2.93419/5 = 0.586839
Covariance matrix
	63.5752	-0.0337926
	-0.0337926	1.80045e-05
--------------------------------
Strip 5
--------------------------------
Deadlayer corrected source 
	{(5071.51, 0.12), (5110.46, 0.171), (5122.8, 0.709)}
	{(5410.1, 0.134), (5453.02, 0.866)}
	{(5731.07, 0.231), (5773.34, 0.769)}
Peaks:
	Energy: 5071.51  Channel: 1723  Uncertaincy: 0.0598682
	Energy: 5110.46  Channel: 1735.7  Uncertaincy: 0.0598682
	Energy: 5122.8  Channel: 1739.72  Uncertaincy: 0.0598682
	Energy: 5410.1  Channel: 1833.66  Uncertaincy: 0.0540518
	Energy: 5453.02  Channel: 1847.65  Uncertaincy: 0.0540518
	Energy: 5731.07  Channel: 1937.85  Uncertaincy: 0.0714847
	Energy: 5773.34  Channel: 1951.63  Uncertaincy: 0.0714847
Results: 
	Offset: -217.052 ± 7.94139
	Slope:  3.06923 ± 0.00434936
	Chi^2/ndf:  1.72324/5 = 0.344647
Covariance matrix
	63.0656	-0.0344994
	-0.0344994	1.89169e-05
--------------------------------
Strip 6
--------------------------------
Deadlayer corrected source 
	{(5073.26, 0.12), (5112.2, 0.171), (5124.54, 0.709)}
	{(5411.78, 0.134), (5454.69, 0.866)}
	{(5732.7, 0.231), (5774.96, 0.769)}
Peaks:
	Energy: 5073.26  Channel: 1788.6  Uncertaincy: 0.0634036
	Energy: 5112.2  Channel: 1801.83  Uncertaincy: 0.0634036
	Energy: 5124.54  Channel: 1806.03  Uncertaincy: 0.0634036
	Energy: 5411.78  Channel: 1904.05  Uncertaincy: 0.0608847
	Energy: 5454.69  Channel: 1918.64  Uncertaincy: 0.0608847
	Energy: 5732.7  Channel: 2012.61  Uncertaincy: 0.0825906
	Energy: 5774.96  Channel: 2026.98  Uncertaincy: 0.0825906
Results: 
	Offset: -190.723 ± 7.9336
	Slope:  2.9429 ± 0.00418542
	Chi^2/ndf:  2.41748/5 = 0.483496
Covariance matrix
	62.942	-0.0331662
	-0.0331662	1.75177e-05
--------------------------------
Strip 7
--------------------------------
Deadlayer corrected source 
	{(5074.63, 0.12), (5113.57, 0.171), (5125.91, 0.709)}
	{(5413.11, 0.134), (5456.01, 0.866)}
	{(5733.97, 0.231), (5776.23, 0.769)}
Peaks:
	Energy: 5074.63  Channel: 1667.38  Uncertaincy: 0.0515998
	Energy: 5113.57  Channel: 1679.57  Uncertaincy: 0.0515998
	Energy: 5125.91  Channel: 1683.43  Uncertaincy: 0.0515998
	Energy: 5413.11  Channel: 1773.59  Uncertaincy: 0.0485445
	Energy: 5456.01  Channel: 1787.02  Uncertaincy: 0.0485445
	Energy: 5733.97  Channel: 1873.81  Uncertaincy: 0.0628265
	Energy: 5776.23  Channel: 1887.04  Uncertaincy: 0.0628265
Results: 
	Offset: -250.364 ± 7.96904
	Slope:  3.19353 ± 0.00451199
	Chi^2/ndf:  0.795473/5 = 0.159095
Covariance matrix
	63.5055	-0.0359145
	-0.0359145	2.0358e-05
--------------------------------
Strip 8
--------------------------------
Deadlayer corrected source 
	{(5075.7, 0.12), (5114.63, 0.171), (5126.96, 0.709)}
	{(5414.13, 0.134), (5457.03, 0.866)}
	{(5734.96, 0.231), (5777.22, 0.769)}
Peaks:
	Energy: 5075.7  Channel: 1792.91  Uncertaincy: 0.0510121
	Energy: 5114.63  Channel: 1806.17  Uncertaincy: 0.0510121
	Energy: 5126.96  Channel: 1810.37  Uncertaincy: 0.0510121
	Energy: 5414.13  Channel: 1908.57  Uncertaincy: 0.0430186
	Energy: 5457.03  Channel: 1923.19  Uncertaincy: 0.0430186
	Energy: 5734.96  Channel: 2017.41  Uncertaincy: 0.0596242
	Energy: 5777.22  Channel: 2031.81  Uncertaincy: 0.0596242
Results: 
	Offset: -188.179 ± 7.85671
	Slope:  2.93578 ± 0.00413374
	Chi^2/ndf:  2.05935/5 = 0.411871
Covariance matrix
	61.7279	-0.0324391
	-0.0324391	1.70878e-05
--------------------------------
Strip 9
--------------------------------
Deadlayer corrected source 
	{(5076.49, 0.12), (5115.42, 0.171), (5127.75, 0.709)}
	{(5414.89, 0.134), (5457.79, 0.866)}
	{(5735.7, 0.231), (5777.95, 0.769)}
Peaks:
	Energy: 5076.49  Channel: 1782.59  Uncertaincy: 0.0527826
	Energy: 5115.42  Channel: 1795.71  Uncertaincy: 0.0527826
	Energy: 5127.75  Channel: 1799.87  Uncertaincy: 0.0527826
	Energy: 5414.89  Channel: 1896.94  Uncertaincy: 0.0424742
	Energy: 5457.79  Channel: 1911.39  Uncertaincy: 0.0424742
	Energy: 5735.7  Channel: 2004.69  Uncertaincy: 0.0559157
	Energy: 5777.95  Channel: 2018.93  Uncertaincy: 0.0559157
Results: 
	Offset: -213.454 ± 7.89352
	Slope:  2.96743 ± 0.00417798
	Chi^2/ndf:  1.33989/5 = 0.267979
Covariance matrix
	62.3077	-0.0329403
	-0.0329403	1.74555e-05
--------------------------------
Strip 10
--------------------------------
Deadlayer corrected source 
	{(5077.06, 0.12), (5115.99, 0.171), (5128.32, 0.709)}
	{(5415.44, 0.134), (5458.33, 0.866)}
	{(5736.22, 0.231), (5778.47, 0.769)}
Peaks:
	Energy: 5077.06  Channel: 1814.35  Uncertaincy: 0.0524831
	Energy: 5115.99  Channel: 1827.64  Uncertaincy: 0.0524831
	Energy: 5128.32  Channel: 1831.85  Uncertaincy: 0.0524831
	Energy: 5415.44  Channel: 1930.34  Uncertaincy: 0.0415084
	Energy: 5458.33  Channel: 1944.98  Uncertaincy: 0.0415084
	Energy: 5736.22  Channel: 2039.24  Uncertaincy: 0.0572005
	Energy: 5778.47  Channel: 2053.67  Uncertaincy: 0.0572005
Results: 
	Offset: -239.632 ± 7.93183
	Slope:  2.93015 ± 0.00412596
	Chi^2/ndf:  3.43001/5 = 0.686001
Covariance matrix
	62.9139	-0.0326884
	-0.0326884	1.70235e-05
--------------------------------
Strip 11
--------------------------------
Deadlayer corrected source 
	{(5077.43, 0.12), (5116.35, 0.171), (5128.68, 0.709)}
	{(5415.79, 0.134), (5458.68, 0.866)}
	{(5736.57, 0.231), (5778.81, 0.769)}
Peaks:
	Energy: 5077.43  Channel: 1862.84  Uncertaincy: 0.0546763
	Energy: 5116.35  Channel: 1876.58  Uncertaincy: 0.0546763
	Energy: 5128.68  Channel: 1880.94  Uncertaincy: 0.0546763
	Energy: 5415.79  Channel: 1982.74  Uncertaincy: 0.047832
	Energy: 5458.68  Channel: 1997.88  Uncertaincy: 0.047832
	Energy: 5736.57  Channel: 2095.34  Uncertaincy: 0.0678831
	Energy: 5778.81  Channel: 2110.25  Uncertaincy: 0.0678831
Results: 
	Offset: -202.575 ± 7.90058
	Slope:  2.83418 ± 0.00400181
	Chi^2/ndf:  3.32592/5 = 0.665183
Covariance matrix
	62.4191	-0.0315795
	-0.0315795	1.60145e-05
--------------------------------
Strip 12
--------------------------------
Deadlayer corrected source 
	{(5077.62, 0.12), (5116.55, 0.171), (5128.88, 0.709)}
	{(5415.98, 0.134), (5458.87, 0.866)}
	{(5736.75, 0.231), (5778.99, 0.769)}
Peaks:
	Energy: 5077.62  Channel: 1788.11  Uncertaincy: 0.0523457
	Energy: 5116.55  Channel: 1801.24  Uncertaincy: 0.0523457
	Energy: 5128.88  Channel: 1805.4  Uncertaincy: 0.0523457
	Energy: 5415.98  Channel: 1902.59  Uncertaincy: 0.0488487
	Energy: 5458.87  Channel: 1917.06  Uncertaincy: 0.0488487
	Energy: 5736.75  Channel: 2010.26  Uncertaincy: 0.06736
	Energy: 5778.99  Channel: 2024.51  Uncertaincy: 0.06736
Results: 
	Offset: -226.588 ± 7.93899
	Slope:  2.9662 ± 0.00419073
	Chi^2/ndf:  2.35488/5 = 0.470976
Covariance matrix
	63.0276	-0.0332314
	-0.0332314	1.75622e-05
--------------------------------
Strip 13
--------------------------------
Deadlayer corrected source 
	{(5077.67, 0.12), (5116.59, 0.171), (5128.92, 0.709)}
	{(5416.02, 0.134), (5458.91, 0.866)}
	{(5736.79, 0.231), (5779.03, 0.769)}
Peaks:
	Energy: 5077.67  Channel: 1887.29  Uncertaincy: 0.0587668
	Energy: 5116.59  Channel: 1901.23  Uncertaincy: 0.0587668
	Energy: 5128.92  Channel: 1905.64  Uncertaincy: 0.0587668
	Energy: 5416.02  Channel: 2008.85  Uncertaincy: 0.0507836
	Energy: 5458.91  Channel: 2024.21  Uncertaincy: 0.0507836
	Energy: 5736.79  Channel: 2123.23  Uncertaincy: 0.071551
	Energy: 5779.03  Channel: 2138.36  Uncertaincy: 0.071551
Results: 
	Offset: -193.542 ± 7.89679
	Slope:  2.79286 ± 0.00394776
	Chi^2/ndf:  2.05276/5 = 0.410551
Covariance matrix
	62.3593	-0.0311379
	-0.0311379	1.55848e-05
--------------------------------
Strip 14
--------------------------------
Deadlayer corrected source 
	{(5077.58, 0.12), (5116.51, 0.171), (5128.84, 0.709)}
	{(5415.94, 0.134), (5458.83, 0.866)}
	{(5736.71, 0.231), (5778.95, 0.769)}
Peaks:
	Energy: 5077.58  Channel: 1828.5  Uncertaincy: 0.0581764
	Energy: 5116.51  Channel: 1841.94  Uncertaincy: 0.0581764
	Energy: 5128.84  Channel: 1846.2  Uncertaincy: 0.0581764
	Energy: 5415.94  Channel: 1945.66  Uncertaincy: 0.050791
	Energy: 5458.83  Channel: 1960.47  Uncertaincy: 0.050791
	Energy: 5736.71  Channel: 2055.99  Uncertaincy: 0.0694417
	Energy: 5778.95  Channel: 2070.58  Uncertaincy: 0.0694417
Results: 
	Offset: -219.247 ± 7.93634
	Slope:  2.89668 ± 0.00409619
	Chi^2/ndf:  1.67762/5 = 0.335523
Covariance matrix
	62.9856	-0.0324708
	-0.0324708	1.67788e-05
--------------------------------
Strip 15
--------------------------------
Deadlayer corrected source 
	{(5077.38, 0.12), (5116.31, 0.171), (5128.64, 0.709)}
	{(5415.75, 0.134), (5458.64, 0.866)}
	{(5736.52, 0.231), (5778.77, 0.769)}
Peaks:
	Energy: 5077.38  Channel: 1873.3  Uncertaincy: 0.0644043
	Energy: 5116.31  Channel: 1887.15  Uncertaincy: 0.0644043
	Energy: 5128.64  Channel: 1891.53  Uncertaincy: 0.0644043
	Energy: 5415.75  Channel: 1994.09  Uncertaincy: 0.0572285
	Energy: 5458.64  Channel: 2009.35  Uncertaincy: 0.0572285
	Energy: 5736.52  Channel: 2107.71  Uncertaincy: 0.0756385
	Energy: 5778.77  Channel: 2122.74  Uncertaincy: 0.0756385
Results: 
	Offset: -189.047 ± 7.90886
	Slope:  2.81115 ± 0.00398304
	Chi^2/ndf:  2.29024/5 = 0.458048
Covariance matrix
	62.55	-0.0314641
	-0.0314641	1.58646e-05
--------------------------------
Strip 16
--------------------------------
Deadlayer corrected source 
	{(5077.08, 0.12), (5116.01, 0.171), (5128.34, 0.709)}
	{(5415.46, 0.134), (5458.35, 0.866)}
	{(5736.24, 0.231), (5778.49, 0.769)}
Peaks:
	Energy: 5077.08  Channel: 1817.76  Uncertaincy: 0.0666807
	Energy: 5116.01  Channel: 1831.13  Uncertaincy: 0.0666807
	Energy: 5128.34  Channel: 1835.37  Uncertaincy: 0.0666807
	Energy: 5415.46  Channel: 1934.31  Uncertaincy: 0.0598996
	Energy: 5458.35  Channel: 1949.05  Uncertaincy: 0.0598996
	Energy: 5736.24  Channel: 2044.17  Uncertaincy: 0.0810518
	Energy: 5778.49  Channel: 2058.69  Uncertaincy: 0.0810518
Results: 
	Offset: -214.264 ± 7.97414
	Slope:  2.9108 ± 0.00414021
	Chi^2/ndf:  1.22197/5 = 0.244393
Covariance matrix
	63.5869	-0.032976
	-0.032976	1.71413e-05
======================================================
Calibrating Back
======================================================

--------------------------------
Strip 1
--------------------------------
Deadlayer corrected source 
	{(5071.17, 0.12), (5110.12, 0.171), (5122.46, 0.709)}
	{(5409.77, 0.134), (5452.69, 0.866)}
	{(5730.75, 0.231), (5773.03, 0.769)}
Peaks:
	Energy: 5071.17  Channel: 1818.24  Uncertaincy: 0.0771452
	Energy: 5110.12  Channel: 1831.57  Uncertaincy: 0.0771452
	Energy: 5122.46  Channel: 1835.79  Uncertaincy: 0.0771452
	Energy: 5409.77  Channel: 1934.5  Uncertaincy: 0.0744139
	Energy: 5452.69  Channel: 1949.19  Uncertaincy: 0.0744139
	Energy: 5730.75  Channel: 2043.85  Uncertaincy: 0.105061
	Energy: 5773.03  Channel: 2058.32  Uncertaincy: 0.105061
Results: 
	Offset: -243.36 ± 8.09481
	Slope:  2.92273 ± 0.00420446
	Chi^2/ndf:  2.20478/5 = 0.440956
Covariance matrix
	65.526	-0.0339949
	-0.0339949	1.76775e-05
Warnings:
	W0: Calibration is outlier!
--------------------------------
Strip 2
--------------------------------
Deadlayer corrected source 
	{(5072.05, 0.12), (5111, 0.171), (5123.34, 0.709)}
	{(5410.62, 0.134), (5453.54, 0.866)}
	{(5731.58, 0.231), (5773.85, 0.769)}
Peaks:
	Energy: 5072.05  Channel: 1805.1  Uncertaincy: 0.0662955
	Energy: 5111  Channel: 1818.55  Uncertaincy: 0.0662955
	Energy: 5123.34  Channel: 1822.81  Uncertaincy: 0.0662955
	Energy: 5410.62  Channel: 1922.24  Uncertaincy: 0.0645256
	Energy: 5453.54  Channel: 1937.05  Uncertaincy: 0.0645256
	Energy: 5731.58  Channel: 2032.62  Uncertaincy: 0.0867702
	Energy: 5773.85  Channel: 2047.21  Uncertaincy: 0.0867702
Results: 
	Offset: -159.687 ± 7.09271
	Slope:  2.89817 ± 0.00370762
	Chi^2/ndf:  1.28797/5 = 0.257594
Covariance matrix
	50.3065	-0.0262581
	-0.0262581	1.37465e-05
Warnings:
	W0: Calibration is outlier!
--------------------------------
Strip 3
--------------------------------
Deadlayer corrected source 
	{(5072.83, 0.12), (5111.77, 0.171), (5124.11, 0.709)}
	{(5411.37, 0.134), (5454.28, 0.866)}
	{(5732.29, 0.231), (5774.56, 0.769)}
Peaks:
	Energy: 5072.83  Channel: 1852.31  Uncertaincy: 0.0666838
	Energy: 5111.77  Channel: 1865.81  Uncertaincy: 0.0666838
	Energy: 5124.11  Channel: 1870.09  Uncertaincy: 0.0666838
	Energy: 5411.37  Channel: 1969.97  Uncertaincy: 0.0626849
	Energy: 5454.28  Channel: 1984.85  Uncertaincy: 0.0626849
	Energy: 5732.29  Channel: 2080.89  Uncertaincy: 0.0895526
	Energy: 5774.56  Channel: 2095.54  Uncertaincy: 0.0895526
Results: 
	Offset: -270.451 ± 8.30423
	Slope:  2.88454 ± 0.00423406
	Chi^2/ndf:  1.12121/5 = 0.224242
Covariance matrix
	68.9602	-0.0351226
	-0.0351226	1.79273e-05
Warnings:
	W0: Calibration is outlier!
--------------------------------
Strip 4
--------------------------------
Deadlayer corrected source 
	{(5073.48, 0.12), (5112.43, 0.171), (5124.76, 0.709)}
	{(5412, 0.134), (5454.91, 0.866)}
	{(5732.91, 0.231), (5775.17, 0.769)}
Peaks:
	Energy: 5073.48  Channel: 1752.03  Uncertaincy: 0.0640771
	Energy: 5112.43  Channel: 1765.01  Uncertaincy: 0.0640771
	Energy: 5124.76  Channel: 1769.11  Uncertaincy: 0.0640771
	Energy: 5412  Channel: 1865.05  Uncertaincy: 0.0592883
	Energy: 5454.91  Channel: 1879.34  Uncertaincy: 0.0592883
	Energy: 5732.91  Channel: 1971.6  Uncertaincy: 0.0758808
	Energy: 5775.17  Channel: 1985.68  Uncertaincy: 0.0758808
Results: 
	Offset: -187.609 ± 7.91776
	Slope:  3.00273 ± 0.00426343
	Chi^2/ndf:  1.08117/5 = 0.216235
Covariance matrix
	62.6909	-0.0337168
	-0.0337168	1.81769e-05
--------------------------------
Strip 5
--------------------------------
Deadlayer corrected source 
	{(5074.02, 0.12), (5112.96, 0.171), (5125.29, 0.709)}
	{(5412.51, 0.134), (5455.42, 0.866)}
	{(5733.4, 0.231), (5775.66, 0.769)}
Peaks:
	Energy: 5074.02  Channel: 1826.81  Uncertaincy: 0.0635772
	Energy: 5112.96  Channel: 1840.15  Uncertaincy: 0.0635772
	Energy: 5125.29  Channel: 1844.37  Uncertaincy: 0.0635772
	Energy: 5412.51  Channel: 1943.06  Uncertaincy: 0.0609488
	Energy: 5455.42  Channel: 1957.75  Uncertaincy: 0.0609488
	Energy: 5733.4  Channel: 2052.43  Uncertaincy: 0.0772215
	Energy: 5775.66  Channel: 2066.9  Uncertaincy: 0.0772215
Results: 
	Offset: -263.954 ± 8.02251
	Slope:  2.92185 ± 0.00414654
	Chi^2/ndf:  2.06189/5 = 0.412377
Covariance matrix
	64.3606	-0.0332273
	-0.0332273	1.71938e-05
Warnings:
	W0: Calibration is outlier!
--------------------------------
Strip 6
--------------------------------
Deadlayer corrected source 
	{(5074.42, 0.12), (5113.36, 0.171), (5125.69, 0.709)}
	{(5412.9, 0.134), (5455.8, 0.866)}
	{(5733.77, 0.231), (5776.03, 0.769)}
Peaks:
	Energy: 5074.42  Channel: 1757.43  Uncertaincy: 0.0588641
	Energy: 5113.36  Channel: 1770.5  Uncertaincy: 0.0588641
	Energy: 5125.69  Channel: 1774.63  Uncertaincy: 0.0588641
	Energy: 5412.9  Channel: 1871.25  Uncertaincy: 0.0572291
	Energy: 5455.8  Channel: 1885.65  Uncertaincy: 0.0572291
	Energy: 5733.77  Channel: 1978.53  Uncertaincy: 0.0761417
	Energy: 5776.03  Channel: 1992.71  Uncertaincy: 0.0761417
Results: 
	Offset: -165.728 ± 7.8786
	Slope:  2.98158 ± 0.00422885
	Chi^2/ndf:  1.21646/5 = 0.243292
Covariance matrix
	62.0724	-0.0332777
	-0.0332777	1.78832e-05
--------------------------------
Strip 7
--------------------------------
Deadlayer corrected source 
	{(5074.68, 0.12), (5113.62, 0.171), (5125.95, 0.709)}
	{(5413.15, 0.134), (5456.06, 0.866)}
	{(5734.02, 0.231), (5776.28, 0.769)}
Peaks:
	Energy: 5074.68  Channel: 1804.37  Uncertaincy: 0.0618549
	Energy: 5113.62  Channel: 1817.53  Uncertaincy: 0.0618549
	Energy: 5125.95  Channel: 1821.7  Uncertaincy: 0.0618549
	Energy: 5413.15  Channel: 1919.04  Uncertaincy: 0.0590365
	Energy: 5456.06  Channel: 1933.54  Uncertaincy: 0.0590365
	Energy: 5734.02  Channel: 2027.14  Uncertaincy: 0.0767197
	Energy: 5776.28  Channel: 2041.43  Uncertaincy: 0.0767197
Results: 
	Offset: -264.881 ± 7.62828
	Slope:  2.95912 ± 0.00399255
	Chi^2/ndf:  1.10925/5 = 0.22185
Covariance matrix
	58.1907	-0.0304175
	-0.0304175	1.59405e-05
Warnings:
	W0: Calibration is outlier!
--------------------------------
Strip 8
--------------------------------
Deadlayer corrected source 
	{(5074.81, 0.12), (5113.74, 0.171), (5126.08, 0.709)}
	{(5413.27, 0.134), (5456.17, 0.866)}
	{(5734.13, 0.231), (5776.39, 0.769)}
Peaks:
	Energy: 5074.81  Channel: 1752.33  Uncertaincy: 0.0580896
	Energy: 5113.74  Channel: 1765.33  Uncertaincy: 0.0580896
	Energy: 5126.08  Channel: 1769.45  Uncertaincy: 0.0580896
	Energy: 5413.27  Channel: 1865.71  Uncertaincy: 0.0541928
	Energy: 5456.17  Channel: 1880.04  Uncertaincy: 0.0541928
	Energy: 5734.13  Channel: 1972.42  Uncertaincy: 0.0737495
	Energy: 5776.39  Channel: 1986.53  Uncertaincy: 0.0737495
Results: 
	Offset: -173.584 ± 7.88702
	Slope:  2.99494 ± 0.00424587
	Chi^2/ndf:  1.98004/5 = 0.396008
Covariance matrix
	62.2051	-0.0334474
	-0.0334474	1.80274e-05
--------------------------------
Strip 9
--------------------------------
Deadlayer corrected source 
	{(5074.79, 0.12), (5113.73, 0.171), (5126.06, 0.709)}
	{(5413.25, 0.134), (5456.16, 0.866)}
	{(5734.12, 0.231), (5776.38, 0.769)}
Peaks:
	Energy: 5074.79  Channel: 0.499878  Uncertaincy: 0
	Energy: 5113.73  Channel: 0.499878  Uncertaincy: 0
	Energy: 5126.06  Channel: 0.499878  Uncertaincy: 0
	Energy: 5413.25  Channel: 0.499878  Uncertaincy: 0
	Energy: 5456.16  Channel: 0.499878  Uncertaincy: 0
	Energy: 5734.12  Channel: 0.499878  Uncertaincy: 0
	Energy: 5776.38  Channel: 0.499878  Uncertaincy: 0
Results: 
	Offset: nan ± -nan
	Slope:  inf ± -nan
	Chi^2/ndf:  1.79769e+308/5 = 3.59539e+307
Covariance matrix
	-nan	-nan
	-nan	-nan
Warnings:
	W8: Slope was Inf!
	W9: Offset was NaN!
	W11: P value 0.000000 is small than cutoff (0.050000)
--------------------------------
Strip 10
--------------------------------
Deadlayer corrected source 
	{(5074.63, 0.12), (5113.57, 0.171), (5125.9, 0.709)}
	{(5413.1, 0.134), (5456, 0.866)}
	{(5733.97, 0.231), (5776.23, 0.769)}
Peaks:
	Energy: 5074.63  Channel: 1768.81  Uncertaincy: 0.0638051
	Energy: 5113.57  Channel: 1781.79  Uncertaincy: 0.0638051
	Energy: 5125.9  Channel: 1785.9  Uncertaincy: 0.0638051
	Energy: 5413.1  Channel: 1882.1  Uncertaincy: 0.0614113
	Energy: 5456  Channel: 1896.4  Uncertaincy: 0.0614113
	Energy: 5733.97  Channel: 1988.3  Uncertaincy: 0.0884655
	Energy: 5776.23  Channel: 2002.38  Uncertaincy: 0.0884655
Results: 
	Offset: -237.315 ± 8.02934
	Slope:  3.00286 ± 0.00428618
	Chi^2/ndf:  4.67242/5 = 0.934485
Covariance matrix
	64.4702	-0.0343753
	-0.0343753	1.83714e-05
--------------------------------
Strip 11
--------------------------------
Deadlayer corrected source 
	{(5074.33, 0.12), (5113.27, 0.171), (5125.6, 0.709)}
	{(5412.81, 0.134), (5455.72, 0.866)}
	{(5733.69, 0.231), (5775.95, 0.769)}
Peaks:
	Energy: 5074.33  Channel: 1821.19  Uncertaincy: 0.0672873
	Energy: 5113.27  Channel: 1834.66  Uncertaincy: 0.0672873
	Energy: 5125.6  Channel: 1838.93  Uncertaincy: 0.0672873
	Energy: 5412.81  Channel: 1938.68  Uncertaincy: 0.0668617
	Energy: 5455.72  Channel: 1953.53  Uncertaincy: 0.0668617
	Energy: 5733.69  Channel: 2049.19  Uncertaincy: 0.0911318
	Energy: 5775.95  Channel: 2063.82  Uncertaincy: 0.0911318
Results: 
	Offset: -191.311 ± 7.95243
	Slope:  2.89115 ± 0.00412092
	Chi^2/ndf:  2.25689/5 = 0.451378
Covariance matrix
	63.2411	-0.0327325
	-0.0327325	1.69819e-05
Warnings:
	W0: Calibration is outlier!
--------------------------------
Strip 12
--------------------------------
Deadlayer corrected source 
	{(5073.89, 0.12), (5112.83, 0.171), (5125.17, 0.709)}
	{(5412.39, 0.134), (5455.3, 0.866)}
	{(5733.28, 0.231), (5775.55, 0.769)}
Peaks:
	Energy: 5073.89  Channel: 1826.35  Uncertaincy: 0.0668606
	Energy: 5112.83  Channel: 1839.78  Uncertaincy: 0.0668606
	Energy: 5125.17  Channel: 1844.04  Uncertaincy: 0.0668606
	Energy: 5412.39  Channel: 1943.38  Uncertaincy: 0.06512
	Energy: 5455.3  Channel: 1958.18  Uncertaincy: 0.06512
	Energy: 5733.28  Channel: 2053.72  Uncertaincy: 0.0859185
	Energy: 5775.55  Channel: 2068.29  Uncertaincy: 0.0859185
Results: 
	Offset: -222.072 ± 7.99111
	Slope:  2.89963 ± 0.00413016
	Chi^2/ndf:  1.09915/5 = 0.21983
Covariance matrix
	63.8578	-0.032966
	-0.032966	1.70582e-05
Warnings:
	W0: Calibration is outlier!
--------------------------------
Strip 13
--------------------------------
Deadlayer corrected source 
	{(5073.33, 0.12), (5112.27, 0.171), (5124.6, 0.709)}
	{(5411.85, 0.134), (5454.76, 0.866)}
	{(5732.76, 0.231), (5775.02, 0.769)}
Peaks:
	Energy: 5073.33  Channel: 1798.19  Uncertaincy: 0.0697956
	Energy: 5112.27  Channel: 1811.48  Uncertaincy: 0.0697956
	Energy: 5124.6  Channel: 1815.68  Uncertaincy: 0.0697956
	Energy: 5411.85  Channel: 1914.01  Uncertaincy: 0.0680349
	Energy: 5454.76  Channel: 1928.65  Uncertaincy: 0.0680349
	Energy: 5732.76  Channel: 2023  Uncertaincy: 0.0947209
	Energy: 5775.02  Channel: 2037.42  Uncertaincy: 0.0947209
Results: 
	Offset: -200.281 ± 7.99339
	Slope:  2.93257 ± 0.00419574
	Chi^2/ndf:  1.95003/5 = 0.390007
Covariance matrix
	63.8943	-0.0334987
	-0.0334987	1.76042e-05
Warnings:
	W0: Calibration is outlier!
--------------------------------
Strip 14
--------------------------------
Deadlayer corrected source 
	{(5072.64, 0.12), (5111.58, 0.171), (5123.92, 0.709)}
	{(5411.19, 0.134), (5454.1, 0.866)}
	{(5732.12, 0.231), (5774.39, 0.769)}
Peaks:
	Energy: 5072.64  Channel: 1872.82  Uncertaincy: 0.0755848
	Energy: 5111.58  Channel: 1886.58  Uncertaincy: 0.0755848
	Energy: 5123.92  Channel: 1890.94  Uncertaincy: 0.0755848
	Energy: 5411.19  Channel: 1992.84  Uncertaincy: 0.0765692
	Energy: 5454.1  Channel: 2008.01  Uncertaincy: 0.0765692
	Energy: 5732.12  Channel: 2105.68  Uncertaincy: 0.116449
	Energy: 5774.39  Channel: 2120.62  Uncertaincy: 0.116449
Results: 
	Offset: -230.029 ± 8.09501
	Slope:  2.83121 ± 0.00408293
	Chi^2/ndf:  2.47869/5 = 0.495738
Covariance matrix
	65.5291	-0.033013
	-0.033013	1.66703e-05
Warnings:
	W0: Calibration is outlier!
--------------------------------
Strip 15
--------------------------------
Deadlayer corrected source 
	{(5071.83, 0.12), (5110.78, 0.171), (5123.12, 0.709)}
	{(5410.41, 0.134), (5453.33, 0.866)}
	{(5731.37, 0.231), (5773.64, 0.769)}
Peaks:
	Energy: 5071.83  Channel: 1776.5  Uncertaincy: 0.0771593
	Energy: 5110.78  Channel: 1789.67  Uncertaincy: 0.0771593
	Energy: 5123.12  Channel: 1793.84  Uncertaincy: 0.0771593
	Energy: 5410.41  Channel: 1891.23  Uncertaincy: 0.0770813
	Energy: 5453.33  Channel: 1905.74  Uncertaincy: 0.0770813
	Energy: 5731.37  Channel: 1999.44  Uncertaincy: 0.0983625
	Energy: 5773.64  Channel: 2013.74  Uncertaincy: 0.0983625
Results: 
	Offset: -182.91 ± 7.99718
	Slope:  2.95781 ± 0.00424793
	Chi^2/ndf:  0.93939/5 = 0.187878
Covariance matrix
	63.9549	-0.0339312
	-0.0339312	1.80449e-05
--------------------------------
Strip 16
--------------------------------
Deadlayer corrected source 
	{(5070.92, 0.12), (5109.88, 0.171), (5122.22, 0.709)}
	{(5409.54, 0.134), (5452.46, 0.866)}
	{(5730.53, 0.231), (5772.8, 0.769)}
Peaks:
	Energy: 5070.92  Channel: 1849.71  Uncertaincy: 0.0889549
	Energy: 5109.88  Channel: 1863.37  Uncertaincy: 0.0889549
	Energy: 5122.22  Channel: 1867.7  Uncertaincy: 0.0889549
	Energy: 5409.54  Channel: 1968.83  Uncertaincy: 0.0848557
	Energy: 5452.46  Channel: 1983.88  Uncertaincy: 0.0848557
	Energy: 5730.53  Channel: 2080.82  Uncertaincy: 0.121911
	Energy: 5772.8  Channel: 2095.64  Uncertaincy: 0.121911
Results: 
	Offset: -207.26 ± 8.11829
	Slope:  2.85333 ± 0.00414411
	Chi^2/ndf:  2.45689/5 = 0.491379
Covariance matrix
	65.9066	-0.0336037
	-0.0336037	1.71736e-05
Warnings:
	W0: Calibration is outlier!
======================================================
