# AUSAlib version: 16.6-773-g77e94584-dirty
# Calibrator version: 16.6-93-gaef47da
# Calibrator arguments: ./Calibrator -s /home/andreasgad/i257/setup/setup.json -t /home/andreasgad/i257/setup/targets/target_cali.json -k /home/andreasgad/i257/setup/old_source.json -d Det2 -l 500 --eloss --gui -o /home/andreasgad/i257/setup/ADC_DL_ELOSS/
# Input files: 
#	/home/andreasgad/i257/data/unpacked/283_000.root
Current time is: 2021-01-19 18:14
======================================================

Starting calibration of Det2
Source: 
	{(5105.5, 0.12), (5144.3, 0.171), (5156.59, 0.709)}
	{(5442.8, 0.134), (5485.56, 0.866)}
	{(5762.64, 0.231), (5804.77, 0.769)}
======================================================

Calibrating Front
======================================================

--------------------------------
Strip 1
--------------------------------
Deadlayer corrected source 
	{(5060.48, 0.12), (5099.48, 0.171), (5111.83, 0.709)}
	{(5399.49, 0.134), (5442.46, 0.866)}
	{(5720.84, 0.231), (5763.16, 0.769)}
Peaks:
	Energy: 5060.48  Channel: 1742.04  Uncertaincy: 0.122123
	Energy: 5099.48  Channel: 1754.91  Uncertaincy: 0.122123
	Energy: 5111.83  Channel: 1758.99  Uncertaincy: 0.122123
	Energy: 5399.49  Channel: 1853.98  Uncertaincy: 0.158295
	Energy: 5442.46  Channel: 1868.17  Uncertaincy: 0.158295
	Energy: 5720.84  Channel: 1960.04  Uncertaincy: 0.225942
	Energy: 5763.16  Channel: 1974.01  Uncertaincy: 0.225942
Results: 
	Offset: -216.198 ± 8.8286
	Slope:  3.02902 ± 0.00480427
	Chi^2/ndf:  0.00744959/5 = 0.00148992
Covariance matrix
	77.9443	-0.0423666
	-0.0423666	2.3081e-05
--------------------------------
Strip 2
--------------------------------
Deadlayer corrected source 
	{(5068.07, 0.12), (5107.04, 0.171), (5119.38, 0.709)}
	{(5406.79, 0.134), (5449.73, 0.866)}
	{(5727.88, 0.231), (5770.17, 0.769)}
Peaks:
	Energy: 5068.07  Channel: 1766.5  Uncertaincy: 0.0942865
	Energy: 5107.04  Channel: 1779.61  Uncertaincy: 0.0942865
	Energy: 5119.38  Channel: 1783.77  Uncertaincy: 0.0942865
	Energy: 5406.79  Channel: 1881.02  Uncertaincy: 0.0875508
	Energy: 5449.73  Channel: 1895.47  Uncertaincy: 0.0875508
	Energy: 5727.88  Channel: 1988.17  Uncertaincy: 0.137436
	Energy: 5770.17  Channel: 2002.4  Uncertaincy: 0.137436
Results: 
	Offset: -187.99 ± 8.18688
	Slope:  2.97511 ± 0.00437683
	Chi^2/ndf:  6.03614/5 = 1.20723
Covariance matrix
	67.025	-0.0357906
	-0.0357906	1.91566e-05
--------------------------------
Strip 3
--------------------------------
Deadlayer corrected source 
	{(5072.93, 0.12), (5111.88, 0.171), (5124.22, 0.709)}
	{(5411.47, 0.134), (5454.38, 0.866)}
	{(5732.39, 0.231), (5774.66, 0.769)}
Peaks:
	Energy: 5072.93  Channel: 1848.34  Uncertaincy: 0.0729564
	Energy: 5111.88  Channel: 1862.02  Uncertaincy: 0.0729564
	Energy: 5124.22  Channel: 1866.36  Uncertaincy: 0.0729564
	Energy: 5411.47  Channel: 1967.63  Uncertaincy: 0.071077
	Energy: 5454.38  Channel: 1982.71  Uncertaincy: 0.071077
	Energy: 5732.39  Channel: 2079.89  Uncertaincy: 0.101569
	Energy: 5774.66  Channel: 2094.74  Uncertaincy: 0.101569
Results: 
	Offset: -190.096 ± 7.99947
	Slope:  2.84728 ± 0.0040849
	Chi^2/ndf:  1.96072/5 = 0.392144
Covariance matrix
	63.9915	-0.0326386
	-0.0326386	1.66864e-05
--------------------------------
Strip 4
--------------------------------
Deadlayer corrected source 
	{(5076.33, 0.12), (5115.26, 0.171), (5127.59, 0.709)}
	{(5414.73, 0.134), (5457.63, 0.866)}
	{(5735.54, 0.231), (5777.79, 0.769)}
Peaks:
	Energy: 5076.33  Channel: 1773.74  Uncertaincy: 0.0635784
	Energy: 5115.26  Channel: 1786.85  Uncertaincy: 0.0635784
	Energy: 5127.59  Channel: 1791  Uncertaincy: 0.0635784
	Energy: 5414.73  Channel: 1888.11  Uncertaincy: 0.064246
	Energy: 5457.63  Channel: 1902.56  Uncertaincy: 0.064246
	Energy: 5735.54  Channel: 1995.56  Uncertaincy: 0.0923234
	Energy: 5777.79  Channel: 2009.79  Uncertaincy: 0.0923234
Results: 
	Offset: -193.601 ± 7.97698
	Slope:  2.97089 ± 0.00424507
	Chi^2/ndf:  2.96809/5 = 0.593618
Covariance matrix
	63.6321	-0.033823
	-0.033823	1.80206e-05
--------------------------------
Strip 5
--------------------------------
Deadlayer corrected source 
	{(5078.81, 0.12), (5117.73, 0.171), (5130.06, 0.709)}
	{(5417.12, 0.134), (5460, 0.866)}
	{(5737.85, 0.231), (5780.09, 0.769)}
Peaks:
	Energy: 5078.81  Channel: 1723  Uncertaincy: 0.0598687
	Energy: 5117.73  Channel: 1735.7  Uncertaincy: 0.0598687
	Energy: 5130.06  Channel: 1739.72  Uncertaincy: 0.0598687
	Energy: 5417.12  Channel: 1833.66  Uncertaincy: 0.0540518
	Energy: 5460  Channel: 1847.65  Uncertaincy: 0.0540518
	Energy: 5737.85  Channel: 1937.85  Uncertaincy: 0.0714831
	Energy: 5780.09  Channel: 1951.63  Uncertaincy: 0.0714831
Results: 
	Offset: -205.542 ± 7.94173
	Slope:  3.06678 ± 0.00434954
	Chi^2/ndf:  1.75104/5 = 0.350209
Covariance matrix
	63.071	-0.0345023
	-0.0345023	1.89185e-05
--------------------------------
Strip 6
--------------------------------
Deadlayer corrected source 
	{(5080.68, 0.12), (5119.59, 0.171), (5131.92, 0.709)}
	{(5418.92, 0.134), (5461.8, 0.866)}
	{(5739.59, 0.231), (5781.82, 0.769)}
Peaks:
	Energy: 5080.68  Channel: 1788.6  Uncertaincy: 0.0634053
	Energy: 5119.59  Channel: 1801.83  Uncertaincy: 0.0634053
	Energy: 5131.92  Channel: 1806.03  Uncertaincy: 0.0634053
	Energy: 5418.92  Channel: 1904.05  Uncertaincy: 0.0608847
	Energy: 5461.8  Channel: 1918.64  Uncertaincy: 0.0608847
	Energy: 5739.59  Channel: 2012.61  Uncertaincy: 0.0825869
	Energy: 5781.82  Channel: 2026.98  Uncertaincy: 0.0825869
Results: 
	Offset: -179.046 ± 7.93735
	Slope:  2.94052 ± 0.0041874
	Chi^2/ndf:  2.45035/5 = 0.490071
Covariance matrix
	63.0016	-0.0331976
	-0.0331976	1.75343e-05
--------------------------------
Strip 7
--------------------------------
Deadlayer corrected source 
	{(5082.1, 0.12), (5121.01, 0.171), (5133.33, 0.709)}
	{(5420.29, 0.134), (5463.16, 0.866)}
	{(5740.9, 0.231), (5783.13, 0.769)}
Peaks:
	Energy: 5082.1  Channel: 1667.38  Uncertaincy: 0.0515999
	Energy: 5121.01  Channel: 1679.57  Uncertaincy: 0.0515999
	Energy: 5133.33  Channel: 1683.43  Uncertaincy: 0.0515999
	Energy: 5420.29  Channel: 1773.59  Uncertaincy: 0.0485445
	Energy: 5463.16  Channel: 1787.02  Uncertaincy: 0.0485445
	Energy: 5740.9  Channel: 1873.8  Uncertaincy: 0.0628243
	Energy: 5783.13  Channel: 1887.04  Uncertaincy: 0.0628243
Results: 
	Offset: -238.572 ± 7.97129
	Slope:  3.19094 ± 0.00451327
	Chi^2/ndf:  0.815457/5 = 0.163091
Covariance matrix
	63.5415	-0.0359349
	-0.0359349	2.03696e-05
--------------------------------
Strip 8
--------------------------------
Deadlayer corrected source 
	{(5083.18, 0.12), (5122.07, 0.171), (5134.4, 0.709)}
	{(5421.32, 0.134), (5464.18, 0.866)}
	{(5741.9, 0.231), (5784.12, 0.769)}
Peaks:
	Energy: 5083.18  Channel: 1792.91  Uncertaincy: 0.0510124
	Energy: 5122.07  Channel: 1806.17  Uncertaincy: 0.0510124
	Energy: 5134.4  Channel: 1810.37  Uncertaincy: 0.0510124
	Energy: 5421.32  Channel: 1908.57  Uncertaincy: 0.0430186
	Energy: 5464.18  Channel: 1923.19  Uncertaincy: 0.0430186
	Energy: 5741.9  Channel: 2017.41  Uncertaincy: 0.0596224
	Energy: 5784.12  Channel: 2031.81  Uncertaincy: 0.0596224
Results: 
	Offset: -176.427 ± 7.85668
	Slope:  2.9334 ± 0.00413372
	Chi^2/ndf:  2.0905/5 = 0.4181
Covariance matrix
	61.7274	-0.0324389
	-0.0324389	1.70876e-05
--------------------------------
Strip 9
--------------------------------
Deadlayer corrected source 
	{(5083.96, 0.12), (5122.86, 0.171), (5135.18, 0.709)}
	{(5422.07, 0.134), (5464.93, 0.866)}
	{(5742.63, 0.231), (5784.85, 0.769)}
Peaks:
	Energy: 5083.96  Channel: 1782.59  Uncertaincy: 0.0527829
	Energy: 5122.86  Channel: 1795.71  Uncertaincy: 0.0527829
	Energy: 5135.18  Channel: 1799.87  Uncertaincy: 0.0527829
	Energy: 5422.07  Channel: 1896.94  Uncertaincy: 0.0424741
	Energy: 5464.93  Channel: 1911.39  Uncertaincy: 0.0424741
	Energy: 5742.63  Channel: 2004.69  Uncertaincy: 0.0559139
	Energy: 5784.85  Channel: 2018.93  Uncertaincy: 0.0559139
Results: 
	Offset: -201.701 ± 7.89544
	Slope:  2.96503 ± 0.00417899
	Chi^2/ndf:  1.36549/5 = 0.273099
Covariance matrix
	62.3379	-0.0329563
	-0.0329563	1.7464e-05
--------------------------------
Strip 10
--------------------------------
Deadlayer corrected source 
	{(5084.5, 0.12), (5123.4, 0.171), (5135.72, 0.709)}
	{(5422.6, 0.134), (5465.45, 0.866)}
	{(5743.13, 0.231), (5785.35, 0.769)}
Peaks:
	Energy: 5084.5  Channel: 1814.35  Uncertaincy: 0.0524828
	Energy: 5123.4  Channel: 1827.64  Uncertaincy: 0.0524828
	Energy: 5135.72  Channel: 1831.85  Uncertaincy: 0.0524828
	Energy: 5422.6  Channel: 1930.34  Uncertaincy: 0.0415084
	Energy: 5465.45  Channel: 1944.98  Uncertaincy: 0.0415084
	Energy: 5743.13  Channel: 2039.24  Uncertaincy: 0.0571979
	Energy: 5785.35  Channel: 2053.67  Uncertaincy: 0.0571979
Results: 
	Offset: -227.896 ± 7.93468
	Slope:  2.92778 ± 0.00412745
	Chi^2/ndf:  3.46902/5 = 0.693803
Covariance matrix
	62.9592	-0.032712
	-0.032712	1.70358e-05
--------------------------------
Strip 11
--------------------------------
Deadlayer corrected source 
	{(5084.84, 0.12), (5123.73, 0.171), (5136.05, 0.709)}
	{(5422.92, 0.134), (5465.77, 0.866)}
	{(5743.44, 0.231), (5785.66, 0.769)}
Peaks:
	Energy: 5084.84  Channel: 1862.84  Uncertaincy: 0.0546761
	Energy: 5123.73  Channel: 1876.58  Uncertaincy: 0.0546761
	Energy: 5136.05  Channel: 1880.94  Uncertaincy: 0.0546761
	Energy: 5422.92  Channel: 1982.74  Uncertaincy: 0.047832
	Energy: 5465.77  Channel: 1997.88  Uncertaincy: 0.047832
	Energy: 5743.44  Channel: 2095.34  Uncertaincy: 0.0678793
	Energy: 5785.66  Channel: 2110.25  Uncertaincy: 0.0678793
Results: 
	Offset: -190.924 ± 7.89635
	Slope:  2.8319 ± 0.00399966
	Chi^2/ndf:  3.36405/5 = 0.67281
Covariance matrix
	62.3523	-0.0315456
	-0.0315456	1.59973e-05
--------------------------------
Strip 12
--------------------------------
Deadlayer corrected source 
	{(5084.99, 0.12), (5123.88, 0.171), (5136.2, 0.709)}
	{(5423.06, 0.134), (5465.92, 0.866)}
	{(5743.58, 0.231), (5785.8, 0.769)}
Peaks:
	Energy: 5084.99  Channel: 1788.11  Uncertaincy: 0.0523457
	Energy: 5123.88  Channel: 1801.24  Uncertaincy: 0.0523457
	Energy: 5136.2  Channel: 1805.4  Uncertaincy: 0.0523457
	Energy: 5423.06  Channel: 1902.59  Uncertaincy: 0.0488487
	Energy: 5465.92  Channel: 1917.06  Uncertaincy: 0.0488487
	Energy: 5743.58  Channel: 2010.26  Uncertaincy: 0.0673561
	Energy: 5785.8  Channel: 2024.51  Uncertaincy: 0.0673561
Results: 
	Offset: -214.988 ± 7.93901
	Slope:  2.96383 ± 0.00419073
	Chi^2/ndf:  2.38744/5 = 0.477489
Covariance matrix
	63.0279	-0.0332315
	-0.0332315	1.75623e-05
--------------------------------
Strip 13
--------------------------------
Deadlayer corrected source 
	{(5084.98, 0.12), (5123.87, 0.171), (5136.19, 0.709)}
	{(5423.05, 0.134), (5465.91, 0.866)}
	{(5743.57, 0.231), (5785.79, 0.769)}
Peaks:
	Energy: 5084.98  Channel: 1887.29  Uncertaincy: 0.0587657
	Energy: 5123.87  Channel: 1901.23  Uncertaincy: 0.0587657
	Energy: 5136.19  Channel: 1905.64  Uncertaincy: 0.0587657
	Energy: 5423.05  Channel: 2008.85  Uncertaincy: 0.0507836
	Energy: 5465.91  Channel: 2024.21  Uncertaincy: 0.0507836
	Energy: 5743.57  Channel: 2123.23  Uncertaincy: 0.0715472
	Energy: 5785.79  Channel: 2138.36  Uncertaincy: 0.0715472
Results: 
	Offset: -182.054 ± 7.90077
	Slope:  2.79064 ± 0.00394975
	Chi^2/ndf:  2.08327/5 = 0.416655
Covariance matrix
	62.4221	-0.0311693
	-0.0311693	1.56005e-05
--------------------------------
Strip 14
--------------------------------
Deadlayer corrected source 
	{(5084.83, 0.12), (5123.72, 0.171), (5136.04, 0.709)}
	{(5422.91, 0.134), (5465.76, 0.866)}
	{(5743.43, 0.231), (5785.65, 0.769)}
Peaks:
	Energy: 5084.83  Channel: 1828.5  Uncertaincy: 0.0581765
	Energy: 5123.72  Channel: 1841.94  Uncertaincy: 0.0581765
	Energy: 5136.04  Channel: 1846.2  Uncertaincy: 0.0581765
	Energy: 5422.91  Channel: 1945.66  Uncertaincy: 0.0507909
	Energy: 5465.76  Channel: 1960.47  Uncertaincy: 0.0507909
	Energy: 5743.43  Channel: 2055.99  Uncertaincy: 0.0694377
	Energy: 5785.65  Channel: 2070.58  Uncertaincy: 0.0694377
Results: 
	Offset: -207.843 ± 7.93621
	Slope:  2.8944 ± 0.00409612
	Chi^2/ndf:  1.70519/5 = 0.341039
Covariance matrix
	62.9835	-0.0324697
	-0.0324697	1.67782e-05
--------------------------------
Strip 15
--------------------------------
Deadlayer corrected source 
	{(5084.55, 0.12), (5123.44, 0.171), (5135.76, 0.709)}
	{(5422.64, 0.134), (5465.5, 0.866)}
	{(5743.17, 0.231), (5785.39, 0.769)}
Peaks:
	Energy: 5084.55  Channel: 1873.3  Uncertaincy: 0.064404
	Energy: 5123.44  Channel: 1887.15  Uncertaincy: 0.064404
	Energy: 5135.76  Channel: 1891.53  Uncertaincy: 0.064404
	Energy: 5422.64  Channel: 1994.09  Uncertaincy: 0.0572285
	Energy: 5465.5  Channel: 2009.35  Uncertaincy: 0.0572285
	Energy: 5743.17  Channel: 2107.71  Uncertaincy: 0.0756331
	Energy: 5785.39  Channel: 2122.74  Uncertaincy: 0.0756331
Results: 
	Offset: -177.786 ± 8.11728
	Slope:  2.80897 ± 0.00408778
	Chi^2/ndf:  2.32128/5 = 0.464255
Covariance matrix
	65.8902	-0.0331444
	-0.0331444	1.67099e-05
--------------------------------
Strip 16
--------------------------------
Deadlayer corrected source 
	{(5084.16, 0.12), (5123.06, 0.171), (5135.38, 0.709)}
	{(5422.27, 0.134), (5465.13, 0.866)}
	{(5742.81, 0.231), (5785.03, 0.769)}
Peaks:
	Energy: 5084.16  Channel: 1817.76  Uncertaincy: 0.0666806
	Energy: 5123.06  Channel: 1831.13  Uncertaincy: 0.0666806
	Energy: 5135.38  Channel: 1835.37  Uncertaincy: 0.0666806
	Energy: 5422.27  Channel: 1934.31  Uncertaincy: 0.0598995
	Energy: 5465.13  Channel: 1949.05  Uncertaincy: 0.0598995
	Energy: 5742.81  Channel: 2044.17  Uncertaincy: 0.0810481
	Energy: 5785.03  Channel: 2058.69  Uncertaincy: 0.0810481
Results: 
	Offset: -203.121 ± 7.97207
	Slope:  2.90856 ± 0.00413913
	Chi^2/ndf:  1.24514/5 = 0.249028
Covariance matrix
	63.5539	-0.0329588
	-0.0329588	1.71324e-05
======================================================
Calibrating Back
======================================================

--------------------------------
Strip 1
--------------------------------
Deadlayer corrected source 
	{(5078.01, 0.12), (5116.93, 0.171), (5129.26, 0.709)}
	{(5416.35, 0.134), (5459.23, 0.866)}
	{(5737.1, 0.231), (5779.34, 0.769)}
Peaks:
	Energy: 5078.01  Channel: 1818.24  Uncertaincy: 0.0771447
	Energy: 5116.93  Channel: 1831.57  Uncertaincy: 0.0771447
	Energy: 5129.26  Channel: 1835.79  Uncertaincy: 0.0771447
	Energy: 5416.35  Channel: 1934.5  Uncertaincy: 0.0744139
	Energy: 5459.23  Channel: 1949.19  Uncertaincy: 0.0744139
	Energy: 5737.1  Channel: 2043.85  Uncertaincy: 0.105059
	Energy: 5779.34  Channel: 2058.32  Uncertaincy: 0.105059
Results: 
	Offset: -232.565 ± 8.09343
	Slope:  2.92055 ± 0.00420373
	Chi^2/ndf:  2.23383/5 = 0.446766
Covariance matrix
	65.5035	-0.0339832
	-0.0339832	1.76714e-05
Warnings:
	W0: Calibration is outlier!
--------------------------------
Strip 2
--------------------------------
Deadlayer corrected source 
	{(5078.9, 0.12), (5117.82, 0.171), (5130.15, 0.709)}
	{(5417.21, 0.134), (5460.09, 0.866)}
	{(5737.93, 0.231), (5780.17, 0.769)}
Peaks:
	Energy: 5078.9  Channel: 1805.11  Uncertaincy: 0.0662951
	Energy: 5117.82  Channel: 1818.55  Uncertaincy: 0.0662951
	Energy: 5130.15  Channel: 1822.81  Uncertaincy: 0.0662951
	Energy: 5417.21  Channel: 1922.24  Uncertaincy: 0.0645255
	Energy: 5460.09  Channel: 1937.05  Uncertaincy: 0.0645255
	Energy: 5737.93  Channel: 2032.62  Uncertaincy: 0.0867673
	Energy: 5780.17  Channel: 2047.21  Uncertaincy: 0.0867673
Results: 
	Offset: -148.936 ± 7.90063
	Slope:  2.89601 ± 0.00412863
	Chi^2/ndf:  1.31078/5 = 0.262156
Covariance matrix
	62.4199	-0.0325798
	-0.0325798	1.70456e-05
Warnings:
	W0: Calibration is outlier!
--------------------------------
Strip 3
--------------------------------
Deadlayer corrected source 
	{(5079.69, 0.12), (5118.61, 0.171), (5130.94, 0.709)}
	{(5417.97, 0.134), (5460.85, 0.866)}
	{(5738.67, 0.231), (5780.91, 0.769)}
Peaks:
	Energy: 5079.69  Channel: 1852.31  Uncertaincy: 0.0666842
	Energy: 5118.61  Channel: 1865.81  Uncertaincy: 0.0666842
	Energy: 5130.94  Channel: 1870.09  Uncertaincy: 0.0666842
	Energy: 5417.97  Channel: 1969.96  Uncertaincy: 0.0626849
	Energy: 5460.85  Channel: 1984.85  Uncertaincy: 0.0626849
	Energy: 5738.67  Channel: 2080.89  Uncertaincy: 0.0895509
	Energy: 5780.91  Channel: 2095.54  Uncertaincy: 0.0895509
Results: 
	Offset: -259.593 ± 8.06329
	Slope:  2.88239 ± 0.00411147
	Chi^2/ndf:  1.14274/5 = 0.228547
Covariance matrix
	65.0166	-0.0331139
	-0.0331139	1.69042e-05
Warnings:
	W0: Calibration is outlier!
--------------------------------
Strip 4
--------------------------------
Deadlayer corrected source 
	{(5080.37, 0.12), (5119.28, 0.171), (5131.61, 0.709)}
	{(5418.62, 0.134), (5461.5, 0.866)}
	{(5739.3, 0.231), (5781.53, 0.769)}
Peaks:
	Energy: 5080.37  Channel: 1752.03  Uncertaincy: 0.0640774
	Energy: 5119.28  Channel: 1765.01  Uncertaincy: 0.0640774
	Energy: 5131.61  Channel: 1769.11  Uncertaincy: 0.0640774
	Energy: 5418.62  Channel: 1865.05  Uncertaincy: 0.0592882
	Energy: 5461.5  Channel: 1879.34  Uncertaincy: 0.0592882
	Energy: 5739.3  Channel: 1971.6  Uncertaincy: 0.0758784
	Energy: 5781.53  Channel: 1985.68  Uncertaincy: 0.0758784
Results: 
	Offset: -176.784 ± 7.9202
	Slope:  3.00048 ± 0.00426475
	Chi^2/ndf:  1.10241/5 = 0.220481
Covariance matrix
	62.7296	-0.0337377
	-0.0337377	1.81881e-05
--------------------------------
Strip 5
--------------------------------
Deadlayer corrected source 
	{(5080.92, 0.12), (5119.83, 0.171), (5132.16, 0.709)}
	{(5419.15, 0.134), (5462.03, 0.866)}
	{(5739.81, 0.231), (5782.04, 0.769)}
Peaks:
	Energy: 5080.92  Channel: 1826.82  Uncertaincy: 0.0635781
	Energy: 5119.83  Channel: 1840.15  Uncertaincy: 0.0635781
	Energy: 5132.16  Channel: 1844.37  Uncertaincy: 0.0635781
	Energy: 5419.15  Channel: 1943.06  Uncertaincy: 0.0609488
	Energy: 5462.03  Channel: 1957.75  Uncertaincy: 0.0609488
	Energy: 5739.81  Channel: 2052.43  Uncertaincy: 0.0772208
	Energy: 5782.04  Channel: 2066.9  Uncertaincy: 0.0772208
Results: 
	Offset: -253.046 ± 8.02451
	Slope:  2.91966 ± 0.00414758
	Chi^2/ndf:  2.09059/5 = 0.418119
Covariance matrix
	64.3928	-0.033244
	-0.033244	1.72024e-05
Warnings:
	W0: Calibration is outlier!
--------------------------------
Strip 6
--------------------------------
Deadlayer corrected source 
	{(5081.34, 0.12), (5120.25, 0.171), (5132.57, 0.709)}
	{(5419.55, 0.134), (5462.42, 0.866)}
	{(5740.19, 0.231), (5782.43, 0.769)}
Peaks:
	Energy: 5081.34  Channel: 1757.43  Uncertaincy: 0.0588645
	Energy: 5120.25  Channel: 1770.5  Uncertaincy: 0.0588645
	Energy: 5132.57  Channel: 1774.63  Uncertaincy: 0.0588645
	Energy: 5419.55  Channel: 1871.25  Uncertaincy: 0.0572291
	Energy: 5462.42  Channel: 1885.65  Uncertaincy: 0.0572291
	Energy: 5740.19  Channel: 1978.53  Uncertaincy: 0.0761407
	Energy: 5782.43  Channel: 1992.71  Uncertaincy: 0.0761407
Results: 
	Offset: -154.869 ± 7.8794
	Slope:  2.97933 ± 0.00422928
	Chi^2/ndf:  1.23909/5 = 0.247818
Covariance matrix
	62.0849	-0.0332844
	-0.0332844	1.78868e-05
--------------------------------
Strip 7
--------------------------------
Deadlayer corrected source 
	{(5081.61, 0.12), (5120.52, 0.171), (5132.85, 0.709)}
	{(5419.82, 0.134), (5462.69, 0.866)}
	{(5740.45, 0.231), (5782.68, 0.769)}
Peaks:
	Energy: 5081.61  Channel: 1804.37  Uncertaincy: 0.0618554
	Energy: 5120.52  Channel: 1817.53  Uncertaincy: 0.0618554
	Energy: 5132.85  Channel: 1821.7  Uncertaincy: 0.0618554
	Energy: 5419.82  Channel: 1919.04  Uncertaincy: 0.0590365
	Energy: 5462.69  Channel: 1933.54  Uncertaincy: 0.0590365
	Energy: 5740.45  Channel: 2027.14  Uncertaincy: 0.0767168
	Energy: 5782.68  Channel: 2041.43  Uncertaincy: 0.0767168
Results: 
	Offset: -253.93 ± 8.02747
	Slope:  2.95689 ± 0.00420099
	Chi^2/ndf:  1.13091/5 = 0.226181
Covariance matrix
	64.4403	-0.0336845
	-0.0336845	1.76484e-05
Warnings:
	W0: Calibration is outlier!
--------------------------------
Strip 8
--------------------------------
Deadlayer corrected source 
	{(5081.74, 0.12), (5120.65, 0.171), (5132.97, 0.709)}
	{(5419.94, 0.134), (5462.81, 0.866)}
	{(5740.57, 0.231), (5782.8, 0.769)}
Peaks:
	Energy: 5081.74  Channel: 1752.33  Uncertaincy: 0.0580896
	Energy: 5120.65  Channel: 1765.33  Uncertaincy: 0.0580896
	Energy: 5132.97  Channel: 1769.45  Uncertaincy: 0.0580896
	Energy: 5419.94  Channel: 1865.71  Uncertaincy: 0.0541928
	Energy: 5462.81  Channel: 1880.04  Uncertaincy: 0.0541928
	Energy: 5740.57  Channel: 1972.42  Uncertaincy: 0.0737477
	Energy: 5782.8  Channel: 1986.53  Uncertaincy: 0.0737477
Results: 
	Offset: -162.694 ± 7.88284
	Slope:  2.99268 ± 0.00424361
	Chi^2/ndf:  2.00828/5 = 0.401656
Covariance matrix
	62.1392	-0.0334119
	-0.0334119	1.80082e-05
--------------------------------
Strip 9
--------------------------------
Deadlayer corrected source 
	{(5081.73, 0.12), (5120.63, 0.171), (5132.95, 0.709)}
	{(5419.93, 0.134), (5462.79, 0.866)}
	{(5740.55, 0.231), (5782.78, 0.769)}
Peaks:
	Energy: 5081.73  Channel: 0.499878  Uncertaincy: 0
	Energy: 5120.63  Channel: 0.499878  Uncertaincy: 0
	Energy: 5132.95  Channel: 0.499878  Uncertaincy: 0
	Energy: 5419.93  Channel: 0.499878  Uncertaincy: 0
	Energy: 5462.79  Channel: 0.499878  Uncertaincy: 0
	Energy: 5740.55  Channel: 0.499878  Uncertaincy: 0
	Energy: 5782.78  Channel: 0.499878  Uncertaincy: 0
Results: 
	Offset: nan ± -nan
	Slope:  inf ± -nan
	Chi^2/ndf:  1.79769e+308/5 = 3.59539e+307
Covariance matrix
	-nan	-nan
	-nan	-nan
Warnings:
	W1: Peaks ordering is jumbled. Peak finding did probably not succed.
	W1: Peaks ordering is jumbled. Peak finding did probably not succed.
	W8: Slope was Inf!
	W9: Offset was NaN!
	W11: P value 0.000000 is small than cutoff (0.050000)
--------------------------------
Strip 10
--------------------------------
Deadlayer corrected source 
	{(5081.56, 0.12), (5120.46, 0.171), (5132.79, 0.709)}
	{(5419.76, 0.134), (5462.63, 0.866)}
	{(5740.4, 0.231), (5782.63, 0.769)}
Peaks:
	Energy: 5081.56  Channel: 1768.81  Uncertaincy: 0.0638062
	Energy: 5120.46  Channel: 1781.79  Uncertaincy: 0.0638062
	Energy: 5132.79  Channel: 1785.9  Uncertaincy: 0.0638062
	Energy: 5419.76  Channel: 1882.1  Uncertaincy: 0.0614113
	Energy: 5462.63  Channel: 1896.4  Uncertaincy: 0.0614113
	Energy: 5740.4  Channel: 1988.3  Uncertaincy: 0.0884644
	Energy: 5782.63  Channel: 2002.38  Uncertaincy: 0.0884644
Results: 
	Offset: -226.389 ± 8.01978
	Slope:  3.0006 ± 0.00428107
	Chi^2/ndf:  4.71355/5 = 0.94271
Covariance matrix
	64.3169	-0.0342933
	-0.0342933	1.83275e-05
--------------------------------
Strip 11
--------------------------------
Deadlayer corrected source 
	{(5081.24, 0.12), (5120.15, 0.171), (5132.48, 0.709)}
	{(5419.46, 0.134), (5462.33, 0.866)}
	{(5740.11, 0.231), (5782.34, 0.769)}
Peaks:
	Energy: 5081.24  Channel: 1821.19  Uncertaincy: 0.067289
	Energy: 5120.15  Channel: 1834.66  Uncertaincy: 0.067289
	Energy: 5132.48  Channel: 1838.93  Uncertaincy: 0.067289
	Energy: 5419.46  Channel: 1938.68  Uncertaincy: 0.0668617
	Energy: 5462.33  Channel: 1953.53  Uncertaincy: 0.0668617
	Energy: 5740.11  Channel: 2049.19  Uncertaincy: 0.0911281
	Energy: 5782.34  Channel: 2063.82  Uncertaincy: 0.0911281
Results: 
	Offset: -180.437 ± 7.95607
	Slope:  2.88897 ± 0.00412281
	Chi^2/ndf:  2.28658/5 = 0.457316
Covariance matrix
	63.2991	-0.0327626
	-0.0327626	1.69975e-05
Warnings:
	W0: Calibration is outlier!
--------------------------------
Strip 12
--------------------------------
Deadlayer corrected source 
	{(5080.79, 0.12), (5119.7, 0.171), (5132.03, 0.709)}
	{(5419.03, 0.134), (5461.9, 0.866)}
	{(5739.69, 0.231), (5781.92, 0.769)}
Peaks:
	Energy: 5080.79  Channel: 1826.35  Uncertaincy: 0.066861
	Energy: 5119.7  Channel: 1839.78  Uncertaincy: 0.066861
	Energy: 5132.03  Channel: 1844.04  Uncertaincy: 0.066861
	Energy: 5419.03  Channel: 1943.38  Uncertaincy: 0.06512
	Energy: 5461.9  Channel: 1958.18  Uncertaincy: 0.06512
	Energy: 5739.69  Channel: 2053.71  Uncertaincy: 0.0859159
	Energy: 5781.92  Channel: 2068.29  Uncertaincy: 0.0859159
Results: 
	Offset: -211.202 ± 7.98909
	Slope:  2.89746 ± 0.00412911
	Chi^2/ndf:  1.12056/5 = 0.224111
Covariance matrix
	63.8256	-0.0329493
	-0.0329493	1.70496e-05
Warnings:
	W0: Calibration is outlier!
--------------------------------
Strip 13
--------------------------------
Deadlayer corrected source 
	{(5080.21, 0.12), (5119.12, 0.171), (5131.45, 0.709)}
	{(5418.47, 0.134), (5461.34, 0.866)}
	{(5739.14, 0.231), (5781.38, 0.769)}
Peaks:
	Energy: 5080.21  Channel: 1798.19  Uncertaincy: 0.0697963
	Energy: 5119.12  Channel: 1811.48  Uncertaincy: 0.0697963
	Energy: 5131.45  Channel: 1815.68  Uncertaincy: 0.0697963
	Energy: 5418.47  Channel: 1914.01  Uncertaincy: 0.0680349
	Energy: 5461.34  Channel: 1928.65  Uncertaincy: 0.0680349
	Energy: 5739.14  Channel: 2023  Uncertaincy: 0.0947191
	Energy: 5781.38  Channel: 2037.42  Uncertaincy: 0.0947191
Results: 
	Offset: -189.454 ± 7.99415
	Slope:  2.93037 ± 0.00419613
	Chi^2/ndf:  1.97775/5 = 0.395549
Covariance matrix
	63.9064	-0.0335051
	-0.0335051	1.76075e-05
Warnings:
	W0: Calibration is outlier!
--------------------------------
Strip 14
--------------------------------
Deadlayer corrected source 
	{(5079.5, 0.12), (5118.42, 0.171), (5130.74, 0.709)}
	{(5417.79, 0.134), (5460.66, 0.866)}
	{(5738.49, 0.231), (5780.73, 0.769)}
Peaks:
	Energy: 5079.5  Channel: 1872.82  Uncertaincy: 0.0755858
	Energy: 5118.42  Channel: 1886.58  Uncertaincy: 0.0755858
	Energy: 5130.74  Channel: 1890.94  Uncertaincy: 0.0755858
	Energy: 5417.79  Channel: 1992.84  Uncertaincy: 0.0765692
	Energy: 5460.66  Channel: 2008.01  Uncertaincy: 0.0765692
	Energy: 5738.49  Channel: 2105.68  Uncertaincy: 0.116447
	Energy: 5780.73  Channel: 2120.62  Uncertaincy: 0.116447
Results: 
	Offset: -219.207 ± 8.10563
	Slope:  2.82909 ± 0.0040883
	Chi^2/ndf:  2.50922/5 = 0.501844
Covariance matrix
	65.7012	-0.0330999
	-0.0330999	1.67142e-05
Warnings:
	W0: Calibration is outlier!
--------------------------------
Strip 15
--------------------------------
Deadlayer corrected source 
	{(5078.68, 0.12), (5117.6, 0.171), (5129.93, 0.709)}
	{(5417, 0.134), (5459.88, 0.866)}
	{(5737.73, 0.231), (5779.97, 0.769)}
Peaks:
	Energy: 5078.68  Channel: 1776.5  Uncertaincy: 0.0771602
	Energy: 5117.6  Channel: 1789.67  Uncertaincy: 0.0771602
	Energy: 5129.93  Channel: 1793.84  Uncertaincy: 0.0771602
	Energy: 5417  Channel: 1891.23  Uncertaincy: 0.0770813
	Energy: 5459.88  Channel: 1905.74  Uncertaincy: 0.0770813
	Energy: 5737.73  Channel: 1999.44  Uncertaincy: 0.0983595
	Energy: 5779.97  Channel: 2013.74  Uncertaincy: 0.0983595
Results: 
	Offset: -172.146 ± 7.99941
	Slope:  2.9556 ± 0.00424912
	Chi^2/ndf:  0.958914/5 = 0.191783
Covariance matrix
	63.9906	-0.0339502
	-0.0339502	1.8055e-05
--------------------------------
Strip 16
--------------------------------
Deadlayer corrected source 
	{(5077.76, 0.12), (5116.68, 0.171), (5129.01, 0.709)}
	{(5416.11, 0.134), (5459, 0.866)}
	{(5736.87, 0.231), (5779.12, 0.769)}
Peaks:
	Energy: 5077.76  Channel: 1849.72  Uncertaincy: 0.0889558
	Energy: 5116.68  Channel: 1863.37  Uncertaincy: 0.0889558
	Energy: 5129.01  Channel: 1867.7  Uncertaincy: 0.0889558
	Energy: 5416.11  Channel: 1968.83  Uncertaincy: 0.0848557
	Energy: 5459  Channel: 1983.88  Uncertaincy: 0.0848557
	Energy: 5736.87  Channel: 2080.81  Uncertaincy: 0.121909
	Energy: 5779.12  Channel: 2095.64  Uncertaincy: 0.121909
Results: 
	Offset: -196.496 ± 8.12162
	Slope:  2.85121 ± 0.00414581
	Chi^2/ndf:  2.48706/5 = 0.497412
Covariance matrix
	65.9608	-0.0336314
	-0.0336314	1.71877e-05
Warnings:
	W0: Calibration is outlier!
======================================================
